{
  "stats": {
    "suites": 9,
    "tests": 9,
    "passes": 9,
    "pending": 0,
    "failures": 0,
    "start": "2025-04-30T04:12:39.864Z",
    "end": "2025-04-30T04:13:04.384Z",
    "duration": 24520,
    "testsRegistered": 9,
    "passPercent": 100,
    "pendingPercent": 0,
    "other": 0,
    "hasOther": false,
    "skipped": 0,
    "hasSkipped": false
  },
  "results": [
    {
      "uuid": "d0f028e2-16ec-4217-9d19-5afa3ae2c47c",
      "title": "",
      "fullFile": "",
      "file": "",
      "beforeHooks": [],
      "afterHooks": [],
      "tests": [],
      "suites": [
        {
          "uuid": "c6289f8c-17d4-49cf-9527-c5e706b8371e",
          "title": "Login failed using blank all",
          "fullFile": "D:\\Osi\\Automation-sauceDemo\\tests\\login\\login_blank_all.test.js",
          "file": "\\tests\\login\\login_blank_all.test.js",
          "beforeHooks": [
            {
              "title": "\"before each\" hook in \"Login failed using blank all\"",
              "fullTitle": "Login failed using blank all \"before each\" hook in \"Login failed using blank all\"",
              "timedOut": false,
              "duration": 1628,
              "state": null,
              "speed": null,
              "pass": false,
              "fail": false,
              "pending": false,
              "context": null,
              "code": "try {\n    driver = await createDriver();\n} catch (err) {\n    console.error('❌ Gagal createDriver di before hook:', err);\n    throw err;\n}",
              "err": {},
              "uuid": "4335886d-1af8-4ce4-9422-cf6a30cf4402",
              "parentUUID": "c6289f8c-17d4-49cf-9527-c5e706b8371e",
              "isHook": true,
              "skipped": false
            }
          ],
          "afterHooks": [
            {
              "title": "\"after each\" hook in \"Login failed using blank all\"",
              "fullTitle": "Login failed using blank all \"after each\" hook in \"Login failed using blank all\"",
              "timedOut": false,
              "duration": 68,
              "state": null,
              "speed": null,
              "pass": false,
              "fail": false,
              "pending": false,
              "context": null,
              "code": "if (driver) {\n    try {\n        await driver.quit();\n    } catch (err) {\n        console.error('❌ Gagal quit di after hook:', err);\n        throw err;\n    }\n}",
              "err": {},
              "uuid": "602ca0af-c6f0-4ada-bc7e-6ea005b24217",
              "parentUUID": "c6289f8c-17d4-49cf-9527-c5e706b8371e",
              "isHook": true,
              "skipped": false
            }
          ],
          "tests": [
            {
              "title": "Login failed using blank all",
              "fullTitle": "Login failed using blank all Login failed using blank all",
              "timedOut": false,
              "duration": 877,
              "state": "passed",
              "speed": "slow",
              "pass": true,
              "fail": false,
              "pending": false,
              "context": null,
              "code": "try {\n    if(!driver) {\n        throw new Error('Driver tidak tersedia untuk pengujian!')\n    }\n    // Jalankan fungsi test yang diberikan dengan driver\n    await testFn(driver);\n} catch (error) {\n    console.error('Test failed with error:', error);\n    throw error;\n}",
              "err": {},
              "uuid": "54b3b68b-c939-458e-adcf-dcd91ba714f0",
              "parentUUID": "c6289f8c-17d4-49cf-9527-c5e706b8371e",
              "isHook": false,
              "skipped": false
            }
          ],
          "suites": [],
          "passes": [
            "54b3b68b-c939-458e-adcf-dcd91ba714f0"
          ],
          "failures": [],
          "pending": [],
          "skipped": [],
          "duration": 877,
          "root": false,
          "rootEmpty": false,
          "_timeout": 10000
        },
        {
          "uuid": "fa80ba74-3ac1-4085-8c10-b60b5013da7a",
          "title": "Login failed using blank password",
          "fullFile": "D:\\Osi\\Automation-sauceDemo\\tests\\login\\login_blank_password.test.js",
          "file": "\\tests\\login\\login_blank_password.test.js",
          "beforeHooks": [
            {
              "title": "\"before each\" hook in \"Login failed using blank password\"",
              "fullTitle": "Login failed using blank password \"before each\" hook in \"Login failed using blank password\"",
              "timedOut": false,
              "duration": 1657,
              "state": null,
              "speed": null,
              "pass": false,
              "fail": false,
              "pending": false,
              "context": null,
              "code": "try {\n    driver = await createDriver();\n} catch (err) {\n    console.error('❌ Gagal createDriver di before hook:', err);\n    throw err;\n}",
              "err": {},
              "uuid": "d8e5d7fb-c7a9-42f9-b453-7c132bf432b2",
              "parentUUID": "fa80ba74-3ac1-4085-8c10-b60b5013da7a",
              "isHook": true,
              "skipped": false
            }
          ],
          "afterHooks": [
            {
              "title": "\"after each\" hook in \"Login failed using blank password\"",
              "fullTitle": "Login failed using blank password \"after each\" hook in \"Login failed using blank password\"",
              "timedOut": false,
              "duration": 45,
              "state": null,
              "speed": null,
              "pass": false,
              "fail": false,
              "pending": false,
              "context": null,
              "code": "if (driver) {\n    try {\n        await driver.quit();\n    } catch (err) {\n        console.error('❌ Gagal quit di after hook:', err);\n        throw err;\n    }\n}",
              "err": {},
              "uuid": "e913d701-3ca4-4d17-8fef-dbf55f3a803a",
              "parentUUID": "fa80ba74-3ac1-4085-8c10-b60b5013da7a",
              "isHook": true,
              "skipped": false
            }
          ],
          "tests": [
            {
              "title": "Login failed using blank password",
              "fullTitle": "Login failed using blank password Login failed using blank password",
              "timedOut": false,
              "duration": 930,
              "state": "passed",
              "speed": "slow",
              "pass": true,
              "fail": false,
              "pending": false,
              "context": null,
              "code": "try {\n    if(!driver) {\n        throw new Error('Driver tidak tersedia untuk pengujian!')\n    }\n    // Jalankan fungsi test yang diberikan dengan driver\n    await testFn(driver);\n} catch (error) {\n    console.error('Test failed with error:', error);\n    throw error;\n}",
              "err": {},
              "uuid": "f61ad663-fef2-4b13-a41c-ebd9ddf54506",
              "parentUUID": "fa80ba74-3ac1-4085-8c10-b60b5013da7a",
              "isHook": false,
              "skipped": false
            }
          ],
          "suites": [],
          "passes": [
            "f61ad663-fef2-4b13-a41c-ebd9ddf54506"
          ],
          "failures": [],
          "pending": [],
          "skipped": [],
          "duration": 930,
          "root": false,
          "rootEmpty": false,
          "_timeout": 10000
        },
        {
          "uuid": "9e373926-406d-4036-9f16-f391a731515b",
          "title": "Login failed using blank username",
          "fullFile": "D:\\Osi\\Automation-sauceDemo\\tests\\login\\login_blank_username.test.js",
          "file": "\\tests\\login\\login_blank_username.test.js",
          "beforeHooks": [
            {
              "title": "\"before each\" hook in \"Login failed using blank username\"",
              "fullTitle": "Login failed using blank username \"before each\" hook in \"Login failed using blank username\"",
              "timedOut": false,
              "duration": 1602,
              "state": null,
              "speed": null,
              "pass": false,
              "fail": false,
              "pending": false,
              "context": null,
              "code": "try {\n    driver = await createDriver();\n} catch (err) {\n    console.error('❌ Gagal createDriver di before hook:', err);\n    throw err;\n}",
              "err": {},
              "uuid": "f5295ebb-683b-4730-9d15-e65902bd559f",
              "parentUUID": "9e373926-406d-4036-9f16-f391a731515b",
              "isHook": true,
              "skipped": false
            }
          ],
          "afterHooks": [
            {
              "title": "\"after each\" hook in \"Login failed using blank username\"",
              "fullTitle": "Login failed using blank username \"after each\" hook in \"Login failed using blank username\"",
              "timedOut": false,
              "duration": 40,
              "state": null,
              "speed": null,
              "pass": false,
              "fail": false,
              "pending": false,
              "context": null,
              "code": "if (driver) {\n    try {\n        await driver.quit();\n    } catch (err) {\n        console.error('❌ Gagal quit di after hook:', err);\n        throw err;\n    }\n}",
              "err": {},
              "uuid": "2573b897-59a1-4c7d-89a5-ec1e1a531b56",
              "parentUUID": "9e373926-406d-4036-9f16-f391a731515b",
              "isHook": true,
              "skipped": false
            }
          ],
          "tests": [
            {
              "title": "Login failed using blank username",
              "fullTitle": "Login failed using blank username Login failed using blank username",
              "timedOut": false,
              "duration": 968,
              "state": "passed",
              "speed": "slow",
              "pass": true,
              "fail": false,
              "pending": false,
              "context": null,
              "code": "try {\n    if(!driver) {\n        throw new Error('Driver tidak tersedia untuk pengujian!')\n    }\n    // Jalankan fungsi test yang diberikan dengan driver\n    await testFn(driver);\n} catch (error) {\n    console.error('Test failed with error:', error);\n    throw error;\n}",
              "err": {},
              "uuid": "40796488-4efb-4930-9f36-034ebbedc040",
              "parentUUID": "9e373926-406d-4036-9f16-f391a731515b",
              "isHook": false,
              "skipped": false
            }
          ],
          "suites": [],
          "passes": [
            "40796488-4efb-4930-9f36-034ebbedc040"
          ],
          "failures": [],
          "pending": [],
          "skipped": [],
          "duration": 968,
          "root": false,
          "rootEmpty": false,
          "_timeout": 10000
        },
        {
          "uuid": "e7f12d36-bd94-465e-b95c-38d052630e5f",
          "title": "Login success using valid credential",
          "fullFile": "D:\\Osi\\Automation-sauceDemo\\tests\\login\\login_success.test.js",
          "file": "\\tests\\login\\login_success.test.js",
          "beforeHooks": [
            {
              "title": "\"before each\" hook in \"Login success using valid credential\"",
              "fullTitle": "Login success using valid credential \"before each\" hook in \"Login success using valid credential\"",
              "timedOut": false,
              "duration": 1607,
              "state": null,
              "speed": null,
              "pass": false,
              "fail": false,
              "pending": false,
              "context": null,
              "code": "try {\n    driver = await createDriver();\n} catch (err) {\n    console.error('❌ Gagal createDriver di before hook:', err);\n    throw err;\n}",
              "err": {},
              "uuid": "53bfe855-6492-4d7e-a9de-ca150e41cce0",
              "parentUUID": "e7f12d36-bd94-465e-b95c-38d052630e5f",
              "isHook": true,
              "skipped": false
            }
          ],
          "afterHooks": [
            {
              "title": "\"after each\" hook in \"Login success using valid credential\"",
              "fullTitle": "Login success using valid credential \"after each\" hook in \"Login success using valid credential\"",
              "timedOut": false,
              "duration": 52,
              "state": null,
              "speed": null,
              "pass": false,
              "fail": false,
              "pending": false,
              "context": null,
              "code": "if (driver) {\n    try {\n        await driver.quit();\n    } catch (err) {\n        console.error('❌ Gagal quit di after hook:', err);\n        throw err;\n    }\n}",
              "err": {},
              "uuid": "bdd3cf91-81b5-44f6-8100-ea833829c23b",
              "parentUUID": "e7f12d36-bd94-465e-b95c-38d052630e5f",
              "isHook": true,
              "skipped": false
            }
          ],
          "tests": [
            {
              "title": "Login success using valid credential",
              "fullTitle": "Login success using valid credential Login success using valid credential",
              "timedOut": false,
              "duration": 996,
              "state": "passed",
              "speed": "slow",
              "pass": true,
              "fail": false,
              "pending": false,
              "context": null,
              "code": "try {\n    if(!driver) {\n        throw new Error('Driver tidak tersedia untuk pengujian!')\n    }\n    // Jalankan fungsi test yang diberikan dengan driver\n    await testFn(driver);\n} catch (error) {\n    console.error('Test failed with error:', error);\n    throw error;\n}",
              "err": {},
              "uuid": "f8eabe4c-4257-449c-aa67-afef77ab5b2e",
              "parentUUID": "e7f12d36-bd94-465e-b95c-38d052630e5f",
              "isHook": false,
              "skipped": false
            }
          ],
          "suites": [],
          "passes": [
            "f8eabe4c-4257-449c-aa67-afef77ab5b2e"
          ],
          "failures": [],
          "pending": [],
          "skipped": [],
          "duration": 996,
          "root": false,
          "rootEmpty": false,
          "_timeout": 10000
        },
        {
          "uuid": "9f44b662-989f-42d6-9352-0b8429cd3dfc",
          "title": "Login failed using wrong password",
          "fullFile": "D:\\Osi\\Automation-sauceDemo\\tests\\login\\login_wrong_password.test.js",
          "file": "\\tests\\login\\login_wrong_password.test.js",
          "beforeHooks": [
            {
              "title": "\"before each\" hook in \"Login failed using wrong password\"",
              "fullTitle": "Login failed using wrong password \"before each\" hook in \"Login failed using wrong password\"",
              "timedOut": false,
              "duration": 1606,
              "state": null,
              "speed": null,
              "pass": false,
              "fail": false,
              "pending": false,
              "context": null,
              "code": "try {\n    driver = await createDriver();\n} catch (err) {\n    console.error('❌ Gagal createDriver di before hook:', err);\n    throw err;\n}",
              "err": {},
              "uuid": "7c071156-464e-483e-bac9-a2aa2ee74ced",
              "parentUUID": "9f44b662-989f-42d6-9352-0b8429cd3dfc",
              "isHook": true,
              "skipped": false
            }
          ],
          "afterHooks": [
            {
              "title": "\"after each\" hook in \"Login failed using wrong password\"",
              "fullTitle": "Login failed using wrong password \"after each\" hook in \"Login failed using wrong password\"",
              "timedOut": false,
              "duration": 45,
              "state": null,
              "speed": null,
              "pass": false,
              "fail": false,
              "pending": false,
              "context": null,
              "code": "if (driver) {\n    try {\n        await driver.quit();\n    } catch (err) {\n        console.error('❌ Gagal quit di after hook:', err);\n        throw err;\n    }\n}",
              "err": {},
              "uuid": "9cb609a3-5eb4-4acf-a3b7-7fe70a8de7ef",
              "parentUUID": "9f44b662-989f-42d6-9352-0b8429cd3dfc",
              "isHook": true,
              "skipped": false
            }
          ],
          "tests": [
            {
              "title": "Login failed using wrong password",
              "fullTitle": "Login failed using wrong password Login failed using wrong password",
              "timedOut": false,
              "duration": 1028,
              "state": "passed",
              "speed": "slow",
              "pass": true,
              "fail": false,
              "pending": false,
              "context": null,
              "code": "try {\n    if(!driver) {\n        throw new Error('Driver tidak tersedia untuk pengujian!')\n    }\n    // Jalankan fungsi test yang diberikan dengan driver\n    await testFn(driver);\n} catch (error) {\n    console.error('Test failed with error:', error);\n    throw error;\n}",
              "err": {},
              "uuid": "51c922b2-1c54-47b1-aa9d-fb1657f67467",
              "parentUUID": "9f44b662-989f-42d6-9352-0b8429cd3dfc",
              "isHook": false,
              "skipped": false
            }
          ],
          "suites": [],
          "passes": [
            "51c922b2-1c54-47b1-aa9d-fb1657f67467"
          ],
          "failures": [],
          "pending": [],
          "skipped": [],
          "duration": 1028,
          "root": false,
          "rootEmpty": false,
          "_timeout": 10000
        },
        {
          "uuid": "5fa5678b-e991-482f-86ac-632dd8f4d6f0",
          "title": "Login failed using wrong username",
          "fullFile": "D:\\Osi\\Automation-sauceDemo\\tests\\login\\login_wrong_username.test.js",
          "file": "\\tests\\login\\login_wrong_username.test.js",
          "beforeHooks": [
            {
              "title": "\"before each\" hook in \"Login failed using wrong username\"",
              "fullTitle": "Login failed using wrong username \"before each\" hook in \"Login failed using wrong username\"",
              "timedOut": false,
              "duration": 1554,
              "state": null,
              "speed": null,
              "pass": false,
              "fail": false,
              "pending": false,
              "context": null,
              "code": "try {\n    driver = await createDriver();\n} catch (err) {\n    console.error('❌ Gagal createDriver di before hook:', err);\n    throw err;\n}",
              "err": {},
              "uuid": "c86dfa85-1117-4872-9682-bff772436f1a",
              "parentUUID": "5fa5678b-e991-482f-86ac-632dd8f4d6f0",
              "isHook": true,
              "skipped": false
            }
          ],
          "afterHooks": [
            {
              "title": "\"after each\" hook in \"Login failed using wrong username\"",
              "fullTitle": "Login failed using wrong username \"after each\" hook in \"Login failed using wrong username\"",
              "timedOut": false,
              "duration": 59,
              "state": null,
              "speed": null,
              "pass": false,
              "fail": false,
              "pending": false,
              "context": null,
              "code": "if (driver) {\n    try {\n        await driver.quit();\n    } catch (err) {\n        console.error('❌ Gagal quit di after hook:', err);\n        throw err;\n    }\n}",
              "err": {},
              "uuid": "5c5f8919-9d36-4def-9d05-d7a4ff55c458",
              "parentUUID": "5fa5678b-e991-482f-86ac-632dd8f4d6f0",
              "isHook": true,
              "skipped": false
            }
          ],
          "tests": [
            {
              "title": "Login failed using wrong username",
              "fullTitle": "Login failed using wrong username Login failed using wrong username",
              "timedOut": false,
              "duration": 974,
              "state": "passed",
              "speed": "slow",
              "pass": true,
              "fail": false,
              "pending": false,
              "context": null,
              "code": "try {\n    if(!driver) {\n        throw new Error('Driver tidak tersedia untuk pengujian!')\n    }\n    // Jalankan fungsi test yang diberikan dengan driver\n    await testFn(driver);\n} catch (error) {\n    console.error('Test failed with error:', error);\n    throw error;\n}",
              "err": {},
              "uuid": "9fc435b7-0f55-4375-bad6-f81db1a2b960",
              "parentUUID": "5fa5678b-e991-482f-86ac-632dd8f4d6f0",
              "isHook": false,
              "skipped": false
            }
          ],
          "suites": [],
          "passes": [
            "9fc435b7-0f55-4375-bad6-f81db1a2b960"
          ],
          "failures": [],
          "pending": [],
          "skipped": [],
          "duration": 974,
          "root": false,
          "rootEmpty": false,
          "_timeout": 10000
        },
        {
          "uuid": "79188d86-9ce5-45e1-9715-0c9a6fe979b0",
          "title": "Retrieve all data products",
          "fullFile": "D:\\Osi\\Automation-sauceDemo\\tests\\product\\list_all_product.test.js",
          "file": "\\tests\\product\\list_all_product.test.js",
          "beforeHooks": [
            {
              "title": "\"before each\" hook in \"Retrieve all data products\"",
              "fullTitle": "Retrieve all data products \"before each\" hook in \"Retrieve all data products\"",
              "timedOut": false,
              "duration": 1625,
              "state": null,
              "speed": null,
              "pass": false,
              "fail": false,
              "pending": false,
              "context": null,
              "code": "try {\n    driver = await createDriver();\n} catch (err) {\n    console.error('❌ Gagal createDriver di before hook:', err);\n    throw err;\n}",
              "err": {},
              "uuid": "4ee6d823-1801-428f-93e1-152e25baeb80",
              "parentUUID": "79188d86-9ce5-45e1-9715-0c9a6fe979b0",
              "isHook": true,
              "skipped": false
            }
          ],
          "afterHooks": [
            {
              "title": "\"after each\" hook in \"Retrieve all data products\"",
              "fullTitle": "Retrieve all data products \"after each\" hook in \"Retrieve all data products\"",
              "timedOut": false,
              "duration": 48,
              "state": null,
              "speed": null,
              "pass": false,
              "fail": false,
              "pending": false,
              "context": null,
              "code": "if (driver) {\n    try {\n        await driver.quit();\n    } catch (err) {\n        console.error('❌ Gagal quit di after hook:', err);\n        throw err;\n    }\n}",
              "err": {},
              "uuid": "8db8ab97-938a-473c-9bd6-42ea7d7f6d3a",
              "parentUUID": "79188d86-9ce5-45e1-9715-0c9a6fe979b0",
              "isHook": true,
              "skipped": false
            }
          ],
          "tests": [
            {
              "title": "Retrieve all data products",
              "fullTitle": "Retrieve all data products Retrieve all data products",
              "timedOut": false,
              "duration": 1020,
              "state": "passed",
              "speed": "slow",
              "pass": true,
              "fail": false,
              "pending": false,
              "context": null,
              "code": "try {\n    if(!driver) {\n        throw new Error('Driver tidak tersedia untuk pengujian!')\n    }\n    // Jalankan fungsi test yang diberikan dengan driver\n    await testFn(driver);\n} catch (error) {\n    console.error('Test failed with error:', error);\n    throw error;\n}",
              "err": {},
              "uuid": "ffb3a3fe-aabd-40b7-8177-13835a7653cc",
              "parentUUID": "79188d86-9ce5-45e1-9715-0c9a6fe979b0",
              "isHook": false,
              "skipped": false
            }
          ],
          "suites": [],
          "passes": [
            "ffb3a3fe-aabd-40b7-8177-13835a7653cc"
          ],
          "failures": [],
          "pending": [],
          "skipped": [],
          "duration": 1020,
          "root": false,
          "rootEmpty": false,
          "_timeout": 10000
        },
        {
          "uuid": "81fc49b0-f984-40d1-a10e-c23ca4a640ab",
          "title": "Sorting all data products from Price low to high",
          "fullFile": "D:\\Osi\\Automation-sauceDemo\\tests\\product\\sorting product.test.js",
          "file": "\\tests\\product\\sorting product.test.js",
          "beforeHooks": [
            {
              "title": "\"before each\" hook in \"Sorting all data products from Price low to high\"",
              "fullTitle": "Sorting all data products from Price low to high \"before each\" hook in \"Sorting all data products from Price low to high\"",
              "timedOut": false,
              "duration": 1634,
              "state": null,
              "speed": null,
              "pass": false,
              "fail": false,
              "pending": false,
              "context": null,
              "code": "try {\n    driver = await createDriver();\n} catch (err) {\n    console.error('❌ Gagal createDriver di before hook:', err);\n    throw err;\n}",
              "err": {},
              "uuid": "46ab6dfd-d5a9-4095-8011-ac556128aec5",
              "parentUUID": "81fc49b0-f984-40d1-a10e-c23ca4a640ab",
              "isHook": true,
              "skipped": false
            }
          ],
          "afterHooks": [
            {
              "title": "\"after each\" hook in \"Sorting all data products from Price low to high\"",
              "fullTitle": "Sorting all data products from Price low to high \"after each\" hook in \"Sorting all data products from Price low to high\"",
              "timedOut": false,
              "duration": 50,
              "state": null,
              "speed": null,
              "pass": false,
              "fail": false,
              "pending": false,
              "context": null,
              "code": "if (driver) {\n    try {\n        await driver.quit();\n    } catch (err) {\n        console.error('❌ Gagal quit di after hook:', err);\n        throw err;\n    }\n}",
              "err": {},
              "uuid": "38459b54-6611-4a81-a8f9-bfc3e987c72d",
              "parentUUID": "81fc49b0-f984-40d1-a10e-c23ca4a640ab",
              "isHook": true,
              "skipped": false
            }
          ],
          "tests": [
            {
              "title": "Sorting all data products from Price low to high",
              "fullTitle": "Sorting all data products from Price low to high Sorting all data products from Price low to high",
              "timedOut": false,
              "duration": 1496,
              "state": "passed",
              "speed": "slow",
              "pass": true,
              "fail": false,
              "pending": false,
              "context": null,
              "code": "try {\n    if(!driver) {\n        throw new Error('Driver tidak tersedia untuk pengujian!')\n    }\n    // Jalankan fungsi test yang diberikan dengan driver\n    await testFn(driver);\n} catch (error) {\n    console.error('Test failed with error:', error);\n    throw error;\n}",
              "err": {},
              "uuid": "00b02eb7-b6a0-477e-9110-12354729d7d0",
              "parentUUID": "81fc49b0-f984-40d1-a10e-c23ca4a640ab",
              "isHook": false,
              "skipped": false
            }
          ],
          "suites": [],
          "passes": [
            "00b02eb7-b6a0-477e-9110-12354729d7d0"
          ],
          "failures": [],
          "pending": [],
          "skipped": [],
          "duration": 1496,
          "root": false,
          "rootEmpty": false,
          "_timeout": 10000
        },
        {
          "uuid": "b64fff6e-92c1-4dca-8d2e-004dfeb4bf7f",
          "title": "Sorting all data products from Price High to Low",
          "fullFile": "D:\\Osi\\Automation-sauceDemo\\tests\\product\\sorting product.test.js",
          "file": "\\tests\\product\\sorting product.test.js",
          "beforeHooks": [
            {
              "title": "\"before each\" hook in \"Sorting all data products from Price High to Low\"",
              "fullTitle": "Sorting all data products from Price High to Low \"before each\" hook in \"Sorting all data products from Price High to Low\"",
              "timedOut": false,
              "duration": 1549,
              "state": null,
              "speed": null,
              "pass": false,
              "fail": false,
              "pending": false,
              "context": null,
              "code": "try {\n    driver = await createDriver();\n} catch (err) {\n    console.error('❌ Gagal createDriver di before hook:', err);\n    throw err;\n}",
              "err": {},
              "uuid": "ea2799b7-b8cf-4e20-a5b0-82460b464467",
              "parentUUID": "b64fff6e-92c1-4dca-8d2e-004dfeb4bf7f",
              "isHook": true,
              "skipped": false
            }
          ],
          "afterHooks": [
            {
              "title": "\"after each\" hook in \"Sorting all data products from Price High to Low\"",
              "fullTitle": "Sorting all data products from Price High to Low \"after each\" hook in \"Sorting all data products from Price High to Low\"",
              "timedOut": false,
              "duration": 52,
              "state": null,
              "speed": null,
              "pass": false,
              "fail": false,
              "pending": false,
              "context": null,
              "code": "if (driver) {\n    try {\n        await driver.quit();\n    } catch (err) {\n        console.error('❌ Gagal quit di after hook:', err);\n        throw err;\n    }\n}",
              "err": {},
              "uuid": "4ff3972c-0954-4b18-8dc4-d23b5921712c",
              "parentUUID": "b64fff6e-92c1-4dca-8d2e-004dfeb4bf7f",
              "isHook": true,
              "skipped": false
            }
          ],
          "tests": [
            {
              "title": "Sorting all data products from Price High to Low",
              "fullTitle": "Sorting all data products from Price High to Low Sorting all data products from Price High to Low",
              "timedOut": false,
              "duration": 1276,
              "state": "passed",
              "speed": "slow",
              "pass": true,
              "fail": false,
              "pending": false,
              "context": null,
              "code": "try {\n    if(!driver) {\n        throw new Error('Driver tidak tersedia untuk pengujian!')\n    }\n    // Jalankan fungsi test yang diberikan dengan driver\n    await testFn(driver);\n} catch (error) {\n    console.error('Test failed with error:', error);\n    throw error;\n}",
              "err": {},
              "uuid": "efb8b2e2-45be-49d4-b941-8c90fe2fd988",
              "parentUUID": "b64fff6e-92c1-4dca-8d2e-004dfeb4bf7f",
              "isHook": false,
              "skipped": false
            }
          ],
          "suites": [],
          "passes": [
            "efb8b2e2-45be-49d4-b941-8c90fe2fd988"
          ],
          "failures": [],
          "pending": [],
          "skipped": [],
          "duration": 1276,
          "root": false,
          "rootEmpty": false,
          "_timeout": 10000
        }
      ],
      "passes": [],
      "failures": [],
      "pending": [],
      "skipped": [],
      "duration": 0,
      "root": true,
      "rootEmpty": true,
      "_timeout": 10000
    }
  ],
  "meta": {
    "mocha": {
      "version": "11.1.0"
    },
    "mochawesome": {
      "options": {
        "quiet": false,
        "reportFilename": "mochawesome",
        "saveHtml": true,
        "saveJson": true,
        "consoleReporter": "spec",
        "useInlineDiffs": false,
        "code": true
      },
      "version": "7.1.3"
    },
    "marge": {
      "options": null,
      "version": "6.2.0"
    }
  }
}