{
  "stats": {
    "suites": 9,
    "tests": 9,
    "passes": 9,
    "pending": 0,
    "failures": 0,
    "start": "2025-04-30T07:38:16.672Z",
    "end": "2025-04-30T07:38:36.723Z",
    "duration": 20051,
    "testsRegistered": 9,
    "passPercent": 100,
    "pendingPercent": 0,
    "other": 0,
    "hasOther": false,
    "skipped": 0,
    "hasSkipped": false
  },
  "results": [
    {
      "uuid": "55b0677e-9d27-4faf-b0a6-bbd639e99373",
      "title": "",
      "fullFile": "",
      "file": "",
      "beforeHooks": [],
      "afterHooks": [],
      "tests": [],
      "suites": [
        {
          "uuid": "a2f012c6-cffa-4647-bc3a-9c5279a07630",
          "title": "Login failed using blank all",
          "fullFile": "D:\\project\\Automation-SauceDemo\\tests\\login\\login_blank_all.test.js",
          "file": "\\tests\\login\\login_blank_all.test.js",
          "beforeHooks": [
            {
              "title": "\"before each\" hook in \"Login failed using blank all\"",
              "fullTitle": "Login failed using blank all \"before each\" hook in \"Login failed using blank all\"",
              "timedOut": false,
              "duration": 1026,
              "state": null,
              "speed": null,
              "pass": false,
              "fail": false,
              "pending": false,
              "context": null,
              "code": "try {\n    driver = await createDriver();\n} catch (err) {\n    console.error('❌ Gagal createDriver di before hook:', err);\n    throw err;\n}",
              "err": {},
              "uuid": "7fc76a9f-a12e-4683-94f5-237aaaf5f27d",
              "parentUUID": "a2f012c6-cffa-4647-bc3a-9c5279a07630",
              "isHook": true,
              "skipped": false
            }
          ],
          "afterHooks": [
            {
              "title": "\"after each\" hook in \"Login failed using blank all\"",
              "fullTitle": "Login failed using blank all \"after each\" hook in \"Login failed using blank all\"",
              "timedOut": false,
              "duration": 41,
              "state": null,
              "speed": null,
              "pass": false,
              "fail": false,
              "pending": false,
              "context": null,
              "code": "if (driver) {\n    try {\n        await driver.quit();\n    } catch (err) {\n        console.error('❌ Gagal quit di after hook:', err);\n        throw err;\n    }\n}",
              "err": {},
              "uuid": "dabffb2e-6b99-42b2-b204-5ca62f9ab5b0",
              "parentUUID": "a2f012c6-cffa-4647-bc3a-9c5279a07630",
              "isHook": true,
              "skipped": false
            }
          ],
          "tests": [
            {
              "title": "Login failed using blank all",
              "fullTitle": "Login failed using blank all Login failed using blank all",
              "timedOut": false,
              "duration": 1020,
              "state": "passed",
              "speed": "slow",
              "pass": true,
              "fail": false,
              "pending": false,
              "context": null,
              "code": "try {\n    if(!driver) {\n        throw new Error('Driver tidak tersedia untuk pengujian!')\n    }\n    // Jalankan fungsi test yang diberikan dengan driver\n    await testFn(driver);\n} catch (error) {\n    console.error('Test failed with error:', error);\n    throw error;\n}",
              "err": {},
              "uuid": "050d1268-0ca1-4a41-9d4c-dcede040aa50",
              "parentUUID": "a2f012c6-cffa-4647-bc3a-9c5279a07630",
              "isHook": false,
              "skipped": false
            }
          ],
          "suites": [],
          "passes": [
            "050d1268-0ca1-4a41-9d4c-dcede040aa50"
          ],
          "failures": [],
          "pending": [],
          "skipped": [],
          "duration": 1020,
          "root": false,
          "rootEmpty": false,
          "_timeout": 10000
        },
        {
          "uuid": "5c5edb15-62e2-4aec-94b9-ee4f0dc5d156",
          "title": "Login failed using blank password",
          "fullFile": "D:\\project\\Automation-SauceDemo\\tests\\login\\login_blank_password.test.js",
          "file": "\\tests\\login\\login_blank_password.test.js",
          "beforeHooks": [
            {
              "title": "\"before each\" hook in \"Login failed using blank password\"",
              "fullTitle": "Login failed using blank password \"before each\" hook in \"Login failed using blank password\"",
              "timedOut": false,
              "duration": 1070,
              "state": null,
              "speed": null,
              "pass": false,
              "fail": false,
              "pending": false,
              "context": null,
              "code": "try {\n    driver = await createDriver();\n} catch (err) {\n    console.error('❌ Gagal createDriver di before hook:', err);\n    throw err;\n}",
              "err": {},
              "uuid": "ba32f533-97c0-422f-a122-ff6c894e4d6c",
              "parentUUID": "5c5edb15-62e2-4aec-94b9-ee4f0dc5d156",
              "isHook": true,
              "skipped": false
            }
          ],
          "afterHooks": [
            {
              "title": "\"after each\" hook in \"Login failed using blank password\"",
              "fullTitle": "Login failed using blank password \"after each\" hook in \"Login failed using blank password\"",
              "timedOut": false,
              "duration": 25,
              "state": null,
              "speed": null,
              "pass": false,
              "fail": false,
              "pending": false,
              "context": null,
              "code": "if (driver) {\n    try {\n        await driver.quit();\n    } catch (err) {\n        console.error('❌ Gagal quit di after hook:', err);\n        throw err;\n    }\n}",
              "err": {},
              "uuid": "a6c59d11-7458-4a38-b8c4-f12e29d04f6a",
              "parentUUID": "5c5edb15-62e2-4aec-94b9-ee4f0dc5d156",
              "isHook": true,
              "skipped": false
            }
          ],
          "tests": [
            {
              "title": "Login failed using blank password",
              "fullTitle": "Login failed using blank password Login failed using blank password",
              "timedOut": false,
              "duration": 1133,
              "state": "passed",
              "speed": "slow",
              "pass": true,
              "fail": false,
              "pending": false,
              "context": null,
              "code": "try {\n    if(!driver) {\n        throw new Error('Driver tidak tersedia untuk pengujian!')\n    }\n    // Jalankan fungsi test yang diberikan dengan driver\n    await testFn(driver);\n} catch (error) {\n    console.error('Test failed with error:', error);\n    throw error;\n}",
              "err": {},
              "uuid": "666d731c-85dd-4d61-951d-09b2360eaf25",
              "parentUUID": "5c5edb15-62e2-4aec-94b9-ee4f0dc5d156",
              "isHook": false,
              "skipped": false
            }
          ],
          "suites": [],
          "passes": [
            "666d731c-85dd-4d61-951d-09b2360eaf25"
          ],
          "failures": [],
          "pending": [],
          "skipped": [],
          "duration": 1133,
          "root": false,
          "rootEmpty": false,
          "_timeout": 10000
        },
        {
          "uuid": "9f70a2a6-f6b8-4ba2-a115-9d11d70b772d",
          "title": "Login failed using blank username",
          "fullFile": "D:\\project\\Automation-SauceDemo\\tests\\login\\login_blank_username.test.js",
          "file": "\\tests\\login\\login_blank_username.test.js",
          "beforeHooks": [
            {
              "title": "\"before each\" hook in \"Login failed using blank username\"",
              "fullTitle": "Login failed using blank username \"before each\" hook in \"Login failed using blank username\"",
              "timedOut": false,
              "duration": 963,
              "state": null,
              "speed": null,
              "pass": false,
              "fail": false,
              "pending": false,
              "context": null,
              "code": "try {\n    driver = await createDriver();\n} catch (err) {\n    console.error('❌ Gagal createDriver di before hook:', err);\n    throw err;\n}",
              "err": {},
              "uuid": "1e199098-0661-4027-9053-15a197fc0f91",
              "parentUUID": "9f70a2a6-f6b8-4ba2-a115-9d11d70b772d",
              "isHook": true,
              "skipped": false
            }
          ],
          "afterHooks": [
            {
              "title": "\"after each\" hook in \"Login failed using blank username\"",
              "fullTitle": "Login failed using blank username \"after each\" hook in \"Login failed using blank username\"",
              "timedOut": false,
              "duration": 30,
              "state": null,
              "speed": null,
              "pass": false,
              "fail": false,
              "pending": false,
              "context": null,
              "code": "if (driver) {\n    try {\n        await driver.quit();\n    } catch (err) {\n        console.error('❌ Gagal quit di after hook:', err);\n        throw err;\n    }\n}",
              "err": {},
              "uuid": "bdc09e66-0eca-49ab-8647-bb2ad80d9a77",
              "parentUUID": "9f70a2a6-f6b8-4ba2-a115-9d11d70b772d",
              "isHook": true,
              "skipped": false
            }
          ],
          "tests": [
            {
              "title": "Login failed using blank username",
              "fullTitle": "Login failed using blank username Login failed using blank username",
              "timedOut": false,
              "duration": 1126,
              "state": "passed",
              "speed": "slow",
              "pass": true,
              "fail": false,
              "pending": false,
              "context": null,
              "code": "try {\n    if(!driver) {\n        throw new Error('Driver tidak tersedia untuk pengujian!')\n    }\n    // Jalankan fungsi test yang diberikan dengan driver\n    await testFn(driver);\n} catch (error) {\n    console.error('Test failed with error:', error);\n    throw error;\n}",
              "err": {},
              "uuid": "6c9f9aeb-5cb6-47d2-8e99-9dab840aa561",
              "parentUUID": "9f70a2a6-f6b8-4ba2-a115-9d11d70b772d",
              "isHook": false,
              "skipped": false
            }
          ],
          "suites": [],
          "passes": [
            "6c9f9aeb-5cb6-47d2-8e99-9dab840aa561"
          ],
          "failures": [],
          "pending": [],
          "skipped": [],
          "duration": 1126,
          "root": false,
          "rootEmpty": false,
          "_timeout": 10000
        },
        {
          "uuid": "24f075ab-7aa7-4988-a620-30a6fa058e13",
          "title": "Login success using valid credential",
          "fullFile": "D:\\project\\Automation-SauceDemo\\tests\\login\\login_success.test.js",
          "file": "\\tests\\login\\login_success.test.js",
          "beforeHooks": [
            {
              "title": "\"before each\" hook in \"Login success using valid credential\"",
              "fullTitle": "Login success using valid credential \"before each\" hook in \"Login success using valid credential\"",
              "timedOut": false,
              "duration": 1065,
              "state": null,
              "speed": null,
              "pass": false,
              "fail": false,
              "pending": false,
              "context": null,
              "code": "try {\n    driver = await createDriver();\n} catch (err) {\n    console.error('❌ Gagal createDriver di before hook:', err);\n    throw err;\n}",
              "err": {},
              "uuid": "18c61368-ba65-44fd-a265-3730f89ac50a",
              "parentUUID": "24f075ab-7aa7-4988-a620-30a6fa058e13",
              "isHook": true,
              "skipped": false
            }
          ],
          "afterHooks": [
            {
              "title": "\"after each\" hook in \"Login success using valid credential\"",
              "fullTitle": "Login success using valid credential \"after each\" hook in \"Login success using valid credential\"",
              "timedOut": false,
              "duration": 39,
              "state": null,
              "speed": null,
              "pass": false,
              "fail": false,
              "pending": false,
              "context": null,
              "code": "if (driver) {\n    try {\n        await driver.quit();\n    } catch (err) {\n        console.error('❌ Gagal quit di after hook:', err);\n        throw err;\n    }\n}",
              "err": {},
              "uuid": "f5c19724-bc6e-411b-8774-5cd470b3b066",
              "parentUUID": "24f075ab-7aa7-4988-a620-30a6fa058e13",
              "isHook": true,
              "skipped": false
            }
          ],
          "tests": [
            {
              "title": "Login success using valid credential",
              "fullTitle": "Login success using valid credential Login success using valid credential",
              "timedOut": false,
              "duration": 1170,
              "state": "passed",
              "speed": "slow",
              "pass": true,
              "fail": false,
              "pending": false,
              "context": null,
              "code": "try {\n    if(!driver) {\n        throw new Error('Driver tidak tersedia untuk pengujian!')\n    }\n    // Jalankan fungsi test yang diberikan dengan driver\n    await testFn(driver);\n} catch (error) {\n    console.error('Test failed with error:', error);\n    throw error;\n}",
              "err": {},
              "uuid": "c6b8330e-8b37-4d32-8e79-c7f9480d822e",
              "parentUUID": "24f075ab-7aa7-4988-a620-30a6fa058e13",
              "isHook": false,
              "skipped": false
            }
          ],
          "suites": [],
          "passes": [
            "c6b8330e-8b37-4d32-8e79-c7f9480d822e"
          ],
          "failures": [],
          "pending": [],
          "skipped": [],
          "duration": 1170,
          "root": false,
          "rootEmpty": false,
          "_timeout": 10000
        },
        {
          "uuid": "4c8c6f29-d344-4f05-94b5-f2e086dafb23",
          "title": "Login failed using wrong password",
          "fullFile": "D:\\project\\Automation-SauceDemo\\tests\\login\\login_wrong_password.test.js",
          "file": "\\tests\\login\\login_wrong_password.test.js",
          "beforeHooks": [
            {
              "title": "\"before each\" hook in \"Login failed using wrong password\"",
              "fullTitle": "Login failed using wrong password \"before each\" hook in \"Login failed using wrong password\"",
              "timedOut": false,
              "duration": 1035,
              "state": null,
              "speed": null,
              "pass": false,
              "fail": false,
              "pending": false,
              "context": null,
              "code": "try {\n    driver = await createDriver();\n} catch (err) {\n    console.error('❌ Gagal createDriver di before hook:', err);\n    throw err;\n}",
              "err": {},
              "uuid": "469c14b2-0652-45dc-a9dc-a950a85f678f",
              "parentUUID": "4c8c6f29-d344-4f05-94b5-f2e086dafb23",
              "isHook": true,
              "skipped": false
            }
          ],
          "afterHooks": [
            {
              "title": "\"after each\" hook in \"Login failed using wrong password\"",
              "fullTitle": "Login failed using wrong password \"after each\" hook in \"Login failed using wrong password\"",
              "timedOut": false,
              "duration": 27,
              "state": null,
              "speed": null,
              "pass": false,
              "fail": false,
              "pending": false,
              "context": null,
              "code": "if (driver) {\n    try {\n        await driver.quit();\n    } catch (err) {\n        console.error('❌ Gagal quit di after hook:', err);\n        throw err;\n    }\n}",
              "err": {},
              "uuid": "2929c5dd-24eb-4b48-ab1a-369111e86825",
              "parentUUID": "4c8c6f29-d344-4f05-94b5-f2e086dafb23",
              "isHook": true,
              "skipped": false
            }
          ],
          "tests": [
            {
              "title": "Login failed using wrong password",
              "fullTitle": "Login failed using wrong password Login failed using wrong password",
              "timedOut": false,
              "duration": 1105,
              "state": "passed",
              "speed": "slow",
              "pass": true,
              "fail": false,
              "pending": false,
              "context": null,
              "code": "try {\n    if(!driver) {\n        throw new Error('Driver tidak tersedia untuk pengujian!')\n    }\n    // Jalankan fungsi test yang diberikan dengan driver\n    await testFn(driver);\n} catch (error) {\n    console.error('Test failed with error:', error);\n    throw error;\n}",
              "err": {},
              "uuid": "6b34b2d1-f6c2-4745-8d94-4b3483044dc2",
              "parentUUID": "4c8c6f29-d344-4f05-94b5-f2e086dafb23",
              "isHook": false,
              "skipped": false
            }
          ],
          "suites": [],
          "passes": [
            "6b34b2d1-f6c2-4745-8d94-4b3483044dc2"
          ],
          "failures": [],
          "pending": [],
          "skipped": [],
          "duration": 1105,
          "root": false,
          "rootEmpty": false,
          "_timeout": 10000
        },
        {
          "uuid": "850d3dd1-86fe-4d59-ba8f-1c9bd64ae955",
          "title": "Login failed using wrong username",
          "fullFile": "D:\\project\\Automation-SauceDemo\\tests\\login\\login_wrong_username.test.js",
          "file": "\\tests\\login\\login_wrong_username.test.js",
          "beforeHooks": [
            {
              "title": "\"before each\" hook in \"Login failed using wrong username\"",
              "fullTitle": "Login failed using wrong username \"before each\" hook in \"Login failed using wrong username\"",
              "timedOut": false,
              "duration": 1002,
              "state": null,
              "speed": null,
              "pass": false,
              "fail": false,
              "pending": false,
              "context": null,
              "code": "try {\n    driver = await createDriver();\n} catch (err) {\n    console.error('❌ Gagal createDriver di before hook:', err);\n    throw err;\n}",
              "err": {},
              "uuid": "13d0b969-76a6-4d29-831e-214190e74d9d",
              "parentUUID": "850d3dd1-86fe-4d59-ba8f-1c9bd64ae955",
              "isHook": true,
              "skipped": false
            }
          ],
          "afterHooks": [
            {
              "title": "\"after each\" hook in \"Login failed using wrong username\"",
              "fullTitle": "Login failed using wrong username \"after each\" hook in \"Login failed using wrong username\"",
              "timedOut": false,
              "duration": 32,
              "state": null,
              "speed": null,
              "pass": false,
              "fail": false,
              "pending": false,
              "context": null,
              "code": "if (driver) {\n    try {\n        await driver.quit();\n    } catch (err) {\n        console.error('❌ Gagal quit di after hook:', err);\n        throw err;\n    }\n}",
              "err": {},
              "uuid": "2b7fadf0-a2f1-45f9-8db2-9915feb84c8f",
              "parentUUID": "850d3dd1-86fe-4d59-ba8f-1c9bd64ae955",
              "isHook": true,
              "skipped": false
            }
          ],
          "tests": [
            {
              "title": "Login failed using wrong username",
              "fullTitle": "Login failed using wrong username Login failed using wrong username",
              "timedOut": false,
              "duration": 1085,
              "state": "passed",
              "speed": "slow",
              "pass": true,
              "fail": false,
              "pending": false,
              "context": null,
              "code": "try {\n    if(!driver) {\n        throw new Error('Driver tidak tersedia untuk pengujian!')\n    }\n    // Jalankan fungsi test yang diberikan dengan driver\n    await testFn(driver);\n} catch (error) {\n    console.error('Test failed with error:', error);\n    throw error;\n}",
              "err": {},
              "uuid": "6d83597f-c728-4776-9f30-62c17f9320dd",
              "parentUUID": "850d3dd1-86fe-4d59-ba8f-1c9bd64ae955",
              "isHook": false,
              "skipped": false
            }
          ],
          "suites": [],
          "passes": [
            "6d83597f-c728-4776-9f30-62c17f9320dd"
          ],
          "failures": [],
          "pending": [],
          "skipped": [],
          "duration": 1085,
          "root": false,
          "rootEmpty": false,
          "_timeout": 10000
        },
        {
          "uuid": "c21a8322-21aa-4301-9d0c-c3b7f864894a",
          "title": "Retrieve all data products",
          "fullFile": "D:\\project\\Automation-SauceDemo\\tests\\product\\list_all_product.test.js",
          "file": "\\tests\\product\\list_all_product.test.js",
          "beforeHooks": [
            {
              "title": "\"before each\" hook in \"Retrieve all data products\"",
              "fullTitle": "Retrieve all data products \"before each\" hook in \"Retrieve all data products\"",
              "timedOut": false,
              "duration": 917,
              "state": null,
              "speed": null,
              "pass": false,
              "fail": false,
              "pending": false,
              "context": null,
              "code": "try {\n    driver = await createDriver();\n} catch (err) {\n    console.error('❌ Gagal createDriver di before hook:', err);\n    throw err;\n}",
              "err": {},
              "uuid": "680eb7d8-58fb-4c36-84c2-7ce4b09f6e94",
              "parentUUID": "c21a8322-21aa-4301-9d0c-c3b7f864894a",
              "isHook": true,
              "skipped": false
            }
          ],
          "afterHooks": [
            {
              "title": "\"after each\" hook in \"Retrieve all data products\"",
              "fullTitle": "Retrieve all data products \"after each\" hook in \"Retrieve all data products\"",
              "timedOut": false,
              "duration": 32,
              "state": null,
              "speed": null,
              "pass": false,
              "fail": false,
              "pending": false,
              "context": null,
              "code": "if (driver) {\n    try {\n        await driver.quit();\n    } catch (err) {\n        console.error('❌ Gagal quit di after hook:', err);\n        throw err;\n    }\n}",
              "err": {},
              "uuid": "1f6e4466-c749-484f-af09-7b26aac6dfe1",
              "parentUUID": "c21a8322-21aa-4301-9d0c-c3b7f864894a",
              "isHook": true,
              "skipped": false
            }
          ],
          "tests": [
            {
              "title": "Retrieve all data products",
              "fullTitle": "Retrieve all data products Retrieve all data products",
              "timedOut": false,
              "duration": 1229,
              "state": "passed",
              "speed": "slow",
              "pass": true,
              "fail": false,
              "pending": false,
              "context": null,
              "code": "try {\n    if(!driver) {\n        throw new Error('Driver tidak tersedia untuk pengujian!')\n    }\n    // Jalankan fungsi test yang diberikan dengan driver\n    await testFn(driver);\n} catch (error) {\n    console.error('Test failed with error:', error);\n    throw error;\n}",
              "err": {},
              "uuid": "01b265bd-8b59-43e2-addf-9d4733bfb687",
              "parentUUID": "c21a8322-21aa-4301-9d0c-c3b7f864894a",
              "isHook": false,
              "skipped": false
            }
          ],
          "suites": [],
          "passes": [
            "01b265bd-8b59-43e2-addf-9d4733bfb687"
          ],
          "failures": [],
          "pending": [],
          "skipped": [],
          "duration": 1229,
          "root": false,
          "rootEmpty": false,
          "_timeout": 10000
        },
        {
          "uuid": "e91c2deb-e950-45f1-a35f-d107c0e75dbc",
          "title": "Sorting all data products from Price low to high",
          "fullFile": "D:\\project\\Automation-SauceDemo\\tests\\product\\sorting product.test.js",
          "file": "\\tests\\product\\sorting product.test.js",
          "beforeHooks": [
            {
              "title": "\"before each\" hook in \"Sorting all data products from Price low to high\"",
              "fullTitle": "Sorting all data products from Price low to high \"before each\" hook in \"Sorting all data products from Price low to high\"",
              "timedOut": false,
              "duration": 1134,
              "state": null,
              "speed": null,
              "pass": false,
              "fail": false,
              "pending": false,
              "context": null,
              "code": "try {\n    driver = await createDriver();\n} catch (err) {\n    console.error('❌ Gagal createDriver di before hook:', err);\n    throw err;\n}",
              "err": {},
              "uuid": "c97aa5e4-4b0e-4955-bac7-bd00ba2dd9af",
              "parentUUID": "e91c2deb-e950-45f1-a35f-d107c0e75dbc",
              "isHook": true,
              "skipped": false
            }
          ],
          "afterHooks": [
            {
              "title": "\"after each\" hook in \"Sorting all data products from Price low to high\"",
              "fullTitle": "Sorting all data products from Price low to high \"after each\" hook in \"Sorting all data products from Price low to high\"",
              "timedOut": false,
              "duration": 37,
              "state": null,
              "speed": null,
              "pass": false,
              "fail": false,
              "pending": false,
              "context": null,
              "code": "if (driver) {\n    try {\n        await driver.quit();\n    } catch (err) {\n        console.error('❌ Gagal quit di after hook:', err);\n        throw err;\n    }\n}",
              "err": {},
              "uuid": "d8d67aba-33fb-4c43-9a0d-69f50dcab9ce",
              "parentUUID": "e91c2deb-e950-45f1-a35f-d107c0e75dbc",
              "isHook": true,
              "skipped": false
            }
          ],
          "tests": [
            {
              "title": "Sorting all data products from Price low to high",
              "fullTitle": "Sorting all data products from Price low to high Sorting all data products from Price low to high",
              "timedOut": false,
              "duration": 1365,
              "state": "passed",
              "speed": "slow",
              "pass": true,
              "fail": false,
              "pending": false,
              "context": null,
              "code": "try {\n    if(!driver) {\n        throw new Error('Driver tidak tersedia untuk pengujian!')\n    }\n    // Jalankan fungsi test yang diberikan dengan driver\n    await testFn(driver);\n} catch (error) {\n    console.error('Test failed with error:', error);\n    throw error;\n}",
              "err": {},
              "uuid": "5f40fc94-7da0-452c-bfcd-1e98b4b0f288",
              "parentUUID": "e91c2deb-e950-45f1-a35f-d107c0e75dbc",
              "isHook": false,
              "skipped": false
            }
          ],
          "suites": [],
          "passes": [
            "5f40fc94-7da0-452c-bfcd-1e98b4b0f288"
          ],
          "failures": [],
          "pending": [],
          "skipped": [],
          "duration": 1365,
          "root": false,
          "rootEmpty": false,
          "_timeout": 10000
        },
        {
          "uuid": "e4310d31-13de-4b23-bb4c-a0f7dfa5c293",
          "title": "Sorting all data products from Price High to Low",
          "fullFile": "D:\\project\\Automation-SauceDemo\\tests\\product\\sorting product.test.js",
          "file": "\\tests\\product\\sorting product.test.js",
          "beforeHooks": [
            {
              "title": "\"before each\" hook in \"Sorting all data products from Price High to Low\"",
              "fullTitle": "Sorting all data products from Price High to Low \"before each\" hook in \"Sorting all data products from Price High to Low\"",
              "timedOut": false,
              "duration": 953,
              "state": null,
              "speed": null,
              "pass": false,
              "fail": false,
              "pending": false,
              "context": null,
              "code": "try {\n    driver = await createDriver();\n} catch (err) {\n    console.error('❌ Gagal createDriver di before hook:', err);\n    throw err;\n}",
              "err": {},
              "uuid": "7d68e80a-4587-42c6-bdac-3c49a84da7c0",
              "parentUUID": "e4310d31-13de-4b23-bb4c-a0f7dfa5c293",
              "isHook": true,
              "skipped": false
            }
          ],
          "afterHooks": [
            {
              "title": "\"after each\" hook in \"Sorting all data products from Price High to Low\"",
              "fullTitle": "Sorting all data products from Price High to Low \"after each\" hook in \"Sorting all data products from Price High to Low\"",
              "timedOut": false,
              "duration": 33,
              "state": null,
              "speed": null,
              "pass": false,
              "fail": false,
              "pending": false,
              "context": null,
              "code": "if (driver) {\n    try {\n        await driver.quit();\n    } catch (err) {\n        console.error('❌ Gagal quit di after hook:', err);\n        throw err;\n    }\n}",
              "err": {},
              "uuid": "09bfd1c8-8100-4115-8427-d86376bbeb8f",
              "parentUUID": "e4310d31-13de-4b23-bb4c-a0f7dfa5c293",
              "isHook": true,
              "skipped": false
            }
          ],
          "tests": [
            {
              "title": "Sorting all data products from Price High to Low",
              "fullTitle": "Sorting all data products from Price High to Low Sorting all data products from Price High to Low",
              "timedOut": false,
              "duration": 1339,
              "state": "passed",
              "speed": "slow",
              "pass": true,
              "fail": false,
              "pending": false,
              "context": null,
              "code": "try {\n    if(!driver) {\n        throw new Error('Driver tidak tersedia untuk pengujian!')\n    }\n    // Jalankan fungsi test yang diberikan dengan driver\n    await testFn(driver);\n} catch (error) {\n    console.error('Test failed with error:', error);\n    throw error;\n}",
              "err": {},
              "uuid": "89d82ac4-3de1-46b6-ab3e-c24c99d734d2",
              "parentUUID": "e4310d31-13de-4b23-bb4c-a0f7dfa5c293",
              "isHook": false,
              "skipped": false
            }
          ],
          "suites": [],
          "passes": [
            "89d82ac4-3de1-46b6-ab3e-c24c99d734d2"
          ],
          "failures": [],
          "pending": [],
          "skipped": [],
          "duration": 1339,
          "root": false,
          "rootEmpty": false,
          "_timeout": 10000
        }
      ],
      "passes": [],
      "failures": [],
      "pending": [],
      "skipped": [],
      "duration": 0,
      "root": true,
      "rootEmpty": true,
      "_timeout": 10000
    }
  ],
  "meta": {
    "mocha": {
      "version": "11.1.0"
    },
    "mochawesome": {
      "options": {
        "quiet": false,
        "reportFilename": "mochawesome",
        "saveHtml": true,
        "saveJson": true,
        "consoleReporter": "spec",
        "useInlineDiffs": false,
        "code": true
      },
      "version": "7.1.3"
    },
    "marge": {
      "options": null,
      "version": "6.2.0"
    }
  }
}