{
  "stats": {
    "suites": 11,
    "tests": 11,
    "passes": 11,
    "pending": 0,
    "failures": 0,
    "start": "2025-05-15T08:20:18.769Z",
    "end": "2025-05-15T08:20:54.315Z",
    "duration": 35546,
    "testsRegistered": 11,
    "passPercent": 100,
    "pendingPercent": 0,
    "other": 0,
    "hasOther": false,
    "skipped": 0,
    "hasSkipped": false
  },
  "results": [
    {
      "uuid": "fd481052-4227-405a-abb8-6f2bf143df65",
      "title": "",
      "fullFile": "",
      "file": "",
      "beforeHooks": [],
      "afterHooks": [],
      "tests": [],
      "suites": [
        {
          "uuid": "9c9d8376-d440-45b3-8992-e6dd77685061",
          "title": "Login failed using blank all",
          "fullFile": "D:\\Osi\\Automation-SauceDemo\\tests\\login\\negative\\login_blank_all.test.js",
          "file": "\\tests\\login\\negative\\login_blank_all.test.js",
          "beforeHooks": [
            {
              "title": "\"before each\" hook in \"Login failed using blank all\"",
              "fullTitle": "Login failed using blank all \"before each\" hook in \"Login failed using blank all\"",
              "timedOut": false,
              "duration": 979,
              "state": null,
              "speed": null,
              "pass": false,
              "fail": false,
              "pending": false,
              "context": null,
              "code": "try {\n    driver = await createDriver();\n} catch (err) {\n    console.error('❌ Gagal createDriver di before hook:', err);\n    throw err;\n}",
              "err": {},
              "uuid": "2568b385-17c8-44ea-a040-93fa07a8be0d",
              "parentUUID": "9c9d8376-d440-45b3-8992-e6dd77685061",
              "isHook": true,
              "skipped": false
            }
          ],
          "afterHooks": [
            {
              "title": "\"after each\" hook in \"Login failed using blank all\"",
              "fullTitle": "Login failed using blank all \"after each\" hook in \"Login failed using blank all\"",
              "timedOut": false,
              "duration": 150,
              "state": null,
              "speed": null,
              "pass": false,
              "fail": false,
              "pending": false,
              "context": null,
              "code": "if (driver) {\n    try {\n        await driver.quit();\n    } catch (err) {\n        console.error('❌ Gagal quit di after hook:', err);\n        throw err;\n    }\n}",
              "err": {},
              "uuid": "80091e5f-a29f-45e2-8d06-b90097ab567b",
              "parentUUID": "9c9d8376-d440-45b3-8992-e6dd77685061",
              "isHook": true,
              "skipped": false
            }
          ],
          "tests": [
            {
              "title": "Login failed using blank all",
              "fullTitle": "Login failed using blank all Login failed using blank all",
              "timedOut": false,
              "duration": 1479,
              "state": "passed",
              "speed": "slow",
              "pass": true,
              "fail": false,
              "pending": false,
              "context": null,
              "code": "try {\n    if(!driver) {\n        throw new Error('Driver tidak tersedia untuk pengujian!')\n    }\n    // Jalankan fungsi test yang diberikan dengan driver\n    await testFn(driver);\n} catch (error) {\n    console.error('Test failed with error:', error);\n    throw error;\n}",
              "err": {},
              "uuid": "3fe08c5b-9d8f-4e56-8dae-75c49fc15a2a",
              "parentUUID": "9c9d8376-d440-45b3-8992-e6dd77685061",
              "isHook": false,
              "skipped": false
            }
          ],
          "suites": [],
          "passes": [
            "3fe08c5b-9d8f-4e56-8dae-75c49fc15a2a"
          ],
          "failures": [],
          "pending": [],
          "skipped": [],
          "duration": 1479,
          "root": false,
          "rootEmpty": false,
          "_timeout": 10000
        },
        {
          "uuid": "a4ab3c8f-bf9a-4f9f-bc64-75011553277c",
          "title": "Login failed using blank password",
          "fullFile": "D:\\Osi\\Automation-SauceDemo\\tests\\login\\negative\\login_blank_password.test.js",
          "file": "\\tests\\login\\negative\\login_blank_password.test.js",
          "beforeHooks": [
            {
              "title": "\"before each\" hook in \"Login failed using blank password\"",
              "fullTitle": "Login failed using blank password \"before each\" hook in \"Login failed using blank password\"",
              "timedOut": false,
              "duration": 985,
              "state": null,
              "speed": null,
              "pass": false,
              "fail": false,
              "pending": false,
              "context": null,
              "code": "try {\n    driver = await createDriver();\n} catch (err) {\n    console.error('❌ Gagal createDriver di before hook:', err);\n    throw err;\n}",
              "err": {},
              "uuid": "fe86ba9a-39e2-4c8a-9b17-32679976a0e8",
              "parentUUID": "a4ab3c8f-bf9a-4f9f-bc64-75011553277c",
              "isHook": true,
              "skipped": false
            }
          ],
          "afterHooks": [
            {
              "title": "\"after each\" hook in \"Login failed using blank password\"",
              "fullTitle": "Login failed using blank password \"after each\" hook in \"Login failed using blank password\"",
              "timedOut": false,
              "duration": 1010,
              "state": null,
              "speed": null,
              "pass": false,
              "fail": false,
              "pending": false,
              "context": null,
              "code": "if (driver) {\n    try {\n        await driver.quit();\n    } catch (err) {\n        console.error('❌ Gagal quit di after hook:', err);\n        throw err;\n    }\n}",
              "err": {},
              "uuid": "4c1860d3-6077-455a-8d7e-11758a095d2b",
              "parentUUID": "a4ab3c8f-bf9a-4f9f-bc64-75011553277c",
              "isHook": true,
              "skipped": false
            }
          ],
          "tests": [
            {
              "title": "Login failed using blank password",
              "fullTitle": "Login failed using blank password Login failed using blank password",
              "timedOut": false,
              "duration": 1144,
              "state": "passed",
              "speed": "slow",
              "pass": true,
              "fail": false,
              "pending": false,
              "context": null,
              "code": "try {\n    if(!driver) {\n        throw new Error('Driver tidak tersedia untuk pengujian!')\n    }\n    // Jalankan fungsi test yang diberikan dengan driver\n    await testFn(driver);\n} catch (error) {\n    console.error('Test failed with error:', error);\n    throw error;\n}",
              "err": {},
              "uuid": "3f49894b-784c-4cc7-bd49-094840ba98c4",
              "parentUUID": "a4ab3c8f-bf9a-4f9f-bc64-75011553277c",
              "isHook": false,
              "skipped": false
            }
          ],
          "suites": [],
          "passes": [
            "3f49894b-784c-4cc7-bd49-094840ba98c4"
          ],
          "failures": [],
          "pending": [],
          "skipped": [],
          "duration": 1144,
          "root": false,
          "rootEmpty": false,
          "_timeout": 10000
        },
        {
          "uuid": "32e15dc7-5f5e-466a-bd52-9e01779f0472",
          "title": "Login failed using blank username",
          "fullFile": "D:\\Osi\\Automation-SauceDemo\\tests\\login\\negative\\login_blank_username.test.js",
          "file": "\\tests\\login\\negative\\login_blank_username.test.js",
          "beforeHooks": [
            {
              "title": "\"before each\" hook in \"Login failed using blank username\"",
              "fullTitle": "Login failed using blank username \"before each\" hook in \"Login failed using blank username\"",
              "timedOut": false,
              "duration": 935,
              "state": null,
              "speed": null,
              "pass": false,
              "fail": false,
              "pending": false,
              "context": null,
              "code": "try {\n    driver = await createDriver();\n} catch (err) {\n    console.error('❌ Gagal createDriver di before hook:', err);\n    throw err;\n}",
              "err": {},
              "uuid": "e2e567e0-5229-4673-bf58-593a92a2e501",
              "parentUUID": "32e15dc7-5f5e-466a-bd52-9e01779f0472",
              "isHook": true,
              "skipped": false
            }
          ],
          "afterHooks": [
            {
              "title": "\"after each\" hook in \"Login failed using blank username\"",
              "fullTitle": "Login failed using blank username \"after each\" hook in \"Login failed using blank username\"",
              "timedOut": false,
              "duration": 355,
              "state": null,
              "speed": null,
              "pass": false,
              "fail": false,
              "pending": false,
              "context": null,
              "code": "if (driver) {\n    try {\n        await driver.quit();\n    } catch (err) {\n        console.error('❌ Gagal quit di after hook:', err);\n        throw err;\n    }\n}",
              "err": {},
              "uuid": "0e73074d-75da-4c0c-8181-8050f9532e3f",
              "parentUUID": "32e15dc7-5f5e-466a-bd52-9e01779f0472",
              "isHook": true,
              "skipped": false
            }
          ],
          "tests": [
            {
              "title": "Login failed using blank username",
              "fullTitle": "Login failed using blank username Login failed using blank username",
              "timedOut": false,
              "duration": 1092,
              "state": "passed",
              "speed": "slow",
              "pass": true,
              "fail": false,
              "pending": false,
              "context": null,
              "code": "try {\n    if(!driver) {\n        throw new Error('Driver tidak tersedia untuk pengujian!')\n    }\n    // Jalankan fungsi test yang diberikan dengan driver\n    await testFn(driver);\n} catch (error) {\n    console.error('Test failed with error:', error);\n    throw error;\n}",
              "err": {},
              "uuid": "88ef6c68-7332-4a9e-a401-12b664613ded",
              "parentUUID": "32e15dc7-5f5e-466a-bd52-9e01779f0472",
              "isHook": false,
              "skipped": false
            }
          ],
          "suites": [],
          "passes": [
            "88ef6c68-7332-4a9e-a401-12b664613ded"
          ],
          "failures": [],
          "pending": [],
          "skipped": [],
          "duration": 1092,
          "root": false,
          "rootEmpty": false,
          "_timeout": 10000
        },
        {
          "uuid": "7864ec92-15a9-4a8c-9b3a-92f995d4b75b",
          "title": "Login failed using wrong password",
          "fullFile": "D:\\Osi\\Automation-SauceDemo\\tests\\login\\negative\\login_wrong_password.test.js",
          "file": "\\tests\\login\\negative\\login_wrong_password.test.js",
          "beforeHooks": [
            {
              "title": "\"before each\" hook in \"Login failed using wrong password\"",
              "fullTitle": "Login failed using wrong password \"before each\" hook in \"Login failed using wrong password\"",
              "timedOut": false,
              "duration": 962,
              "state": null,
              "speed": null,
              "pass": false,
              "fail": false,
              "pending": false,
              "context": null,
              "code": "try {\n    driver = await createDriver();\n} catch (err) {\n    console.error('❌ Gagal createDriver di before hook:', err);\n    throw err;\n}",
              "err": {},
              "uuid": "4c4a57d0-6e49-4a15-a17d-dea1844fe4ad",
              "parentUUID": "7864ec92-15a9-4a8c-9b3a-92f995d4b75b",
              "isHook": true,
              "skipped": false
            }
          ],
          "afterHooks": [
            {
              "title": "\"after each\" hook in \"Login failed using wrong password\"",
              "fullTitle": "Login failed using wrong password \"after each\" hook in \"Login failed using wrong password\"",
              "timedOut": false,
              "duration": 303,
              "state": null,
              "speed": null,
              "pass": false,
              "fail": false,
              "pending": false,
              "context": null,
              "code": "if (driver) {\n    try {\n        await driver.quit();\n    } catch (err) {\n        console.error('❌ Gagal quit di after hook:', err);\n        throw err;\n    }\n}",
              "err": {},
              "uuid": "f4a66826-b204-4d5f-bd1b-66a8293766fb",
              "parentUUID": "7864ec92-15a9-4a8c-9b3a-92f995d4b75b",
              "isHook": true,
              "skipped": false
            }
          ],
          "tests": [
            {
              "title": "Login failed using wrong password",
              "fullTitle": "Login failed using wrong password Login failed using wrong password",
              "timedOut": false,
              "duration": 1132,
              "state": "passed",
              "speed": "slow",
              "pass": true,
              "fail": false,
              "pending": false,
              "context": null,
              "code": "try {\n    if(!driver) {\n        throw new Error('Driver tidak tersedia untuk pengujian!')\n    }\n    // Jalankan fungsi test yang diberikan dengan driver\n    await testFn(driver);\n} catch (error) {\n    console.error('Test failed with error:', error);\n    throw error;\n}",
              "err": {},
              "uuid": "98542d38-7090-4657-a476-572f8da124b4",
              "parentUUID": "7864ec92-15a9-4a8c-9b3a-92f995d4b75b",
              "isHook": false,
              "skipped": false
            }
          ],
          "suites": [],
          "passes": [
            "98542d38-7090-4657-a476-572f8da124b4"
          ],
          "failures": [],
          "pending": [],
          "skipped": [],
          "duration": 1132,
          "root": false,
          "rootEmpty": false,
          "_timeout": 10000
        },
        {
          "uuid": "98348b32-aa9f-4874-ac43-a4939741c4be",
          "title": "Login failed using wrong username",
          "fullFile": "D:\\Osi\\Automation-SauceDemo\\tests\\login\\negative\\login_wrong_username.test.js",
          "file": "\\tests\\login\\negative\\login_wrong_username.test.js",
          "beforeHooks": [
            {
              "title": "\"before each\" hook in \"Login failed using wrong username\"",
              "fullTitle": "Login failed using wrong username \"before each\" hook in \"Login failed using wrong username\"",
              "timedOut": false,
              "duration": 978,
              "state": null,
              "speed": null,
              "pass": false,
              "fail": false,
              "pending": false,
              "context": null,
              "code": "try {\n    driver = await createDriver();\n} catch (err) {\n    console.error('❌ Gagal createDriver di before hook:', err);\n    throw err;\n}",
              "err": {},
              "uuid": "6dc3a60e-30d2-49b6-936b-fc99c8895e57",
              "parentUUID": "98348b32-aa9f-4874-ac43-a4939741c4be",
              "isHook": true,
              "skipped": false
            }
          ],
          "afterHooks": [
            {
              "title": "\"after each\" hook in \"Login failed using wrong username\"",
              "fullTitle": "Login failed using wrong username \"after each\" hook in \"Login failed using wrong username\"",
              "timedOut": false,
              "duration": 1171,
              "state": null,
              "speed": null,
              "pass": false,
              "fail": false,
              "pending": false,
              "context": null,
              "code": "if (driver) {\n    try {\n        await driver.quit();\n    } catch (err) {\n        console.error('❌ Gagal quit di after hook:', err);\n        throw err;\n    }\n}",
              "err": {},
              "uuid": "45e47104-36ad-4012-b10d-db6c6763237b",
              "parentUUID": "98348b32-aa9f-4874-ac43-a4939741c4be",
              "isHook": true,
              "skipped": false
            }
          ],
          "tests": [
            {
              "title": "Login failed using wrong username",
              "fullTitle": "Login failed using wrong username Login failed using wrong username",
              "timedOut": false,
              "duration": 1866,
              "state": "passed",
              "speed": "slow",
              "pass": true,
              "fail": false,
              "pending": false,
              "context": null,
              "code": "try {\n    if(!driver) {\n        throw new Error('Driver tidak tersedia untuk pengujian!')\n    }\n    // Jalankan fungsi test yang diberikan dengan driver\n    await testFn(driver);\n} catch (error) {\n    console.error('Test failed with error:', error);\n    throw error;\n}",
              "err": {},
              "uuid": "42400be0-9e08-4544-b9cf-fa8b857947fd",
              "parentUUID": "98348b32-aa9f-4874-ac43-a4939741c4be",
              "isHook": false,
              "skipped": false
            }
          ],
          "suites": [],
          "passes": [
            "42400be0-9e08-4544-b9cf-fa8b857947fd"
          ],
          "failures": [],
          "pending": [],
          "skipped": [],
          "duration": 1866,
          "root": false,
          "rootEmpty": false,
          "_timeout": 10000
        },
        {
          "uuid": "37af4bfd-4fa8-4c04-9b81-3c80b1b3b009",
          "title": "Login successful with glitch_user",
          "fullFile": "D:\\Osi\\Automation-SauceDemo\\tests\\login\\positive\\login_glitch_user.test.js",
          "file": "\\tests\\login\\positive\\login_glitch_user.test.js",
          "beforeHooks": [
            {
              "title": "\"before each\" hook in \"Login successful with glitch_user\"",
              "fullTitle": "Login successful with glitch_user \"before each\" hook in \"Login successful with glitch_user\"",
              "timedOut": false,
              "duration": 947,
              "state": null,
              "speed": null,
              "pass": false,
              "fail": false,
              "pending": false,
              "context": null,
              "code": "try {\n    driver = await createDriver();\n} catch (err) {\n    console.error('❌ Gagal createDriver di before hook:', err);\n    throw err;\n}",
              "err": {},
              "uuid": "7d1fc219-2aa7-4c99-851d-60fd365c6a83",
              "parentUUID": "37af4bfd-4fa8-4c04-9b81-3c80b1b3b009",
              "isHook": true,
              "skipped": false
            }
          ],
          "afterHooks": [
            {
              "title": "\"after each\" hook in \"Login successful with glitch_user\"",
              "fullTitle": "Login successful with glitch_user \"after each\" hook in \"Login successful with glitch_user\"",
              "timedOut": false,
              "duration": 143,
              "state": null,
              "speed": null,
              "pass": false,
              "fail": false,
              "pending": false,
              "context": null,
              "code": "if (driver) {\n    try {\n        await driver.quit();\n    } catch (err) {\n        console.error('❌ Gagal quit di after hook:', err);\n        throw err;\n    }\n}",
              "err": {},
              "uuid": "78979459-1fea-4546-9cd6-2392cf4008bf",
              "parentUUID": "37af4bfd-4fa8-4c04-9b81-3c80b1b3b009",
              "isHook": true,
              "skipped": false
            }
          ],
          "tests": [
            {
              "title": "Login successful with glitch_user",
              "fullTitle": "Login successful with glitch_user Login successful with glitch_user",
              "timedOut": false,
              "duration": 6342,
              "state": "passed",
              "speed": "slow",
              "pass": true,
              "fail": false,
              "pending": false,
              "context": null,
              "code": "try {\n    if(!driver) {\n        throw new Error('Driver tidak tersedia untuk pengujian!')\n    }\n    // Jalankan fungsi test yang diberikan dengan driver\n    await testFn(driver);\n} catch (error) {\n    console.error('Test failed with error:', error);\n    throw error;\n}",
              "err": {},
              "uuid": "07145a0a-3882-446b-855b-e7a7ffbd54a3",
              "parentUUID": "37af4bfd-4fa8-4c04-9b81-3c80b1b3b009",
              "isHook": false,
              "skipped": false
            }
          ],
          "suites": [],
          "passes": [
            "07145a0a-3882-446b-855b-e7a7ffbd54a3"
          ],
          "failures": [],
          "pending": [],
          "skipped": [],
          "duration": 6342,
          "root": false,
          "rootEmpty": false,
          "_timeout": 10000
        },
        {
          "uuid": "fe9484bf-e755-4068-befb-d1decefe8f04",
          "title": "Login successful with problem_user",
          "fullFile": "D:\\Osi\\Automation-SauceDemo\\tests\\login\\positive\\login_problem_user.test.js",
          "file": "\\tests\\login\\positive\\login_problem_user.test.js",
          "beforeHooks": [
            {
              "title": "\"before each\" hook in \"Login successful with problem_user\"",
              "fullTitle": "Login successful with problem_user \"before each\" hook in \"Login successful with problem_user\"",
              "timedOut": false,
              "duration": 931,
              "state": null,
              "speed": null,
              "pass": false,
              "fail": false,
              "pending": false,
              "context": null,
              "code": "try {\n    driver = await createDriver();\n} catch (err) {\n    console.error('❌ Gagal createDriver di before hook:', err);\n    throw err;\n}",
              "err": {},
              "uuid": "40ccaf8f-b44f-4bd1-a228-f2c96f7d6d0b",
              "parentUUID": "fe9484bf-e755-4068-befb-d1decefe8f04",
              "isHook": true,
              "skipped": false
            }
          ],
          "afterHooks": [
            {
              "title": "\"after each\" hook in \"Login successful with problem_user\"",
              "fullTitle": "Login successful with problem_user \"after each\" hook in \"Login successful with problem_user\"",
              "timedOut": false,
              "duration": 566,
              "state": null,
              "speed": null,
              "pass": false,
              "fail": false,
              "pending": false,
              "context": null,
              "code": "if (driver) {\n    try {\n        await driver.quit();\n    } catch (err) {\n        console.error('❌ Gagal quit di after hook:', err);\n        throw err;\n    }\n}",
              "err": {},
              "uuid": "a470a279-350e-4b7a-9f18-97c6d223b99c",
              "parentUUID": "fe9484bf-e755-4068-befb-d1decefe8f04",
              "isHook": true,
              "skipped": false
            }
          ],
          "tests": [
            {
              "title": "Login successful with problem_user",
              "fullTitle": "Login successful with problem_user Login successful with problem_user",
              "timedOut": false,
              "duration": 1200,
              "state": "passed",
              "speed": "slow",
              "pass": true,
              "fail": false,
              "pending": false,
              "context": null,
              "code": "try {\n    if(!driver) {\n        throw new Error('Driver tidak tersedia untuk pengujian!')\n    }\n    // Jalankan fungsi test yang diberikan dengan driver\n    await testFn(driver);\n} catch (error) {\n    console.error('Test failed with error:', error);\n    throw error;\n}",
              "err": {},
              "uuid": "5a368cff-85a7-46eb-9617-27d01dd33699",
              "parentUUID": "fe9484bf-e755-4068-befb-d1decefe8f04",
              "isHook": false,
              "skipped": false
            }
          ],
          "suites": [],
          "passes": [
            "5a368cff-85a7-46eb-9617-27d01dd33699"
          ],
          "failures": [],
          "pending": [],
          "skipped": [],
          "duration": 1200,
          "root": false,
          "rootEmpty": false,
          "_timeout": 10000
        },
        {
          "uuid": "7a3c7c4e-8f0a-4b9e-8fce-570a32de38c9",
          "title": "Login successful with standard_user",
          "fullFile": "D:\\Osi\\Automation-SauceDemo\\tests\\login\\positive\\login_standar_user.test.js",
          "file": "\\tests\\login\\positive\\login_standar_user.test.js",
          "beforeHooks": [
            {
              "title": "\"before each\" hook in \"Login successful with standard_user\"",
              "fullTitle": "Login successful with standard_user \"before each\" hook in \"Login successful with standard_user\"",
              "timedOut": false,
              "duration": 904,
              "state": null,
              "speed": null,
              "pass": false,
              "fail": false,
              "pending": false,
              "context": null,
              "code": "try {\n    driver = await createDriver();\n} catch (err) {\n    console.error('❌ Gagal createDriver di before hook:', err);\n    throw err;\n}",
              "err": {},
              "uuid": "8a8deeee-7ad2-49f2-b551-28ac01d4689e",
              "parentUUID": "7a3c7c4e-8f0a-4b9e-8fce-570a32de38c9",
              "isHook": true,
              "skipped": false
            }
          ],
          "afterHooks": [
            {
              "title": "\"after each\" hook in \"Login successful with standard_user\"",
              "fullTitle": "Login successful with standard_user \"after each\" hook in \"Login successful with standard_user\"",
              "timedOut": false,
              "duration": 359,
              "state": null,
              "speed": null,
              "pass": false,
              "fail": false,
              "pending": false,
              "context": null,
              "code": "if (driver) {\n    try {\n        await driver.quit();\n    } catch (err) {\n        console.error('❌ Gagal quit di after hook:', err);\n        throw err;\n    }\n}",
              "err": {},
              "uuid": "2ff5912a-824b-4fbb-84b0-a2e729b89d92",
              "parentUUID": "7a3c7c4e-8f0a-4b9e-8fce-570a32de38c9",
              "isHook": true,
              "skipped": false
            }
          ],
          "tests": [
            {
              "title": "Login successful with standard_user",
              "fullTitle": "Login successful with standard_user Login successful with standard_user",
              "timedOut": false,
              "duration": 1253,
              "state": "passed",
              "speed": "slow",
              "pass": true,
              "fail": false,
              "pending": false,
              "context": null,
              "code": "try {\n    if(!driver) {\n        throw new Error('Driver tidak tersedia untuk pengujian!')\n    }\n    // Jalankan fungsi test yang diberikan dengan driver\n    await testFn(driver);\n} catch (error) {\n    console.error('Test failed with error:', error);\n    throw error;\n}",
              "err": {},
              "uuid": "170405e3-5dc3-4eba-a2e0-a75cf2000dbf",
              "parentUUID": "7a3c7c4e-8f0a-4b9e-8fce-570a32de38c9",
              "isHook": false,
              "skipped": false
            }
          ],
          "suites": [],
          "passes": [
            "170405e3-5dc3-4eba-a2e0-a75cf2000dbf"
          ],
          "failures": [],
          "pending": [],
          "skipped": [],
          "duration": 1253,
          "root": false,
          "rootEmpty": false,
          "_timeout": 10000
        },
        {
          "uuid": "c5f97e85-6744-4052-abbb-16b66b8f6d2f",
          "title": "Login successful with visual_user",
          "fullFile": "D:\\Osi\\Automation-SauceDemo\\tests\\login\\positive\\login_visual_user.test.js",
          "file": "\\tests\\login\\positive\\login_visual_user.test.js",
          "beforeHooks": [
            {
              "title": "\"before each\" hook in \"Login successful with visual_user\"",
              "fullTitle": "Login successful with visual_user \"before each\" hook in \"Login successful with visual_user\"",
              "timedOut": false,
              "duration": 982,
              "state": null,
              "speed": null,
              "pass": false,
              "fail": false,
              "pending": false,
              "context": null,
              "code": "try {\n    driver = await createDriver();\n} catch (err) {\n    console.error('❌ Gagal createDriver di before hook:', err);\n    throw err;\n}",
              "err": {},
              "uuid": "e4b576f6-81a4-4e8c-b21c-b2406cb29229",
              "parentUUID": "c5f97e85-6744-4052-abbb-16b66b8f6d2f",
              "isHook": true,
              "skipped": false
            }
          ],
          "afterHooks": [
            {
              "title": "\"after each\" hook in \"Login successful with visual_user\"",
              "fullTitle": "Login successful with visual_user \"after each\" hook in \"Login successful with visual_user\"",
              "timedOut": false,
              "duration": 368,
              "state": null,
              "speed": null,
              "pass": false,
              "fail": false,
              "pending": false,
              "context": null,
              "code": "if (driver) {\n    try {\n        await driver.quit();\n    } catch (err) {\n        console.error('❌ Gagal quit di after hook:', err);\n        throw err;\n    }\n}",
              "err": {},
              "uuid": "cfa02ce6-3130-4841-87d1-69e0029f7259",
              "parentUUID": "c5f97e85-6744-4052-abbb-16b66b8f6d2f",
              "isHook": true,
              "skipped": false
            }
          ],
          "tests": [
            {
              "title": "Login successful with visual_user",
              "fullTitle": "Login successful with visual_user Login successful with visual_user",
              "timedOut": false,
              "duration": 1255,
              "state": "passed",
              "speed": "slow",
              "pass": true,
              "fail": false,
              "pending": false,
              "context": null,
              "code": "try {\n    if(!driver) {\n        throw new Error('Driver tidak tersedia untuk pengujian!')\n    }\n    // Jalankan fungsi test yang diberikan dengan driver\n    await testFn(driver);\n} catch (error) {\n    console.error('Test failed with error:', error);\n    throw error;\n}",
              "err": {},
              "uuid": "985ece3b-77dc-4ea0-a63e-d2173ee31350",
              "parentUUID": "c5f97e85-6744-4052-abbb-16b66b8f6d2f",
              "isHook": false,
              "skipped": false
            }
          ],
          "suites": [],
          "passes": [
            "985ece3b-77dc-4ea0-a63e-d2173ee31350"
          ],
          "failures": [],
          "pending": [],
          "skipped": [],
          "duration": 1255,
          "root": false,
          "rootEmpty": false,
          "_timeout": 10000
        },
        {
          "uuid": "8205cf82-58b2-4676-8f58-b7e65bed7bf3",
          "title": "Retrieve all data products",
          "fullFile": "D:\\Osi\\Automation-SauceDemo\\tests\\product\\positive\\list_all_product.test.js",
          "file": "\\tests\\product\\positive\\list_all_product.test.js",
          "beforeHooks": [
            {
              "title": "\"before each\" hook in \"Retrieve all data products\"",
              "fullTitle": "Retrieve all data products \"before each\" hook in \"Retrieve all data products\"",
              "timedOut": false,
              "duration": 989,
              "state": null,
              "speed": null,
              "pass": false,
              "fail": false,
              "pending": false,
              "context": null,
              "code": "try {\n    driver = await createDriver();\n} catch (err) {\n    console.error('❌ Gagal createDriver di before hook:', err);\n    throw err;\n}",
              "err": {},
              "uuid": "b7e9e9ab-f295-42f0-bbf8-c2aec2594936",
              "parentUUID": "8205cf82-58b2-4676-8f58-b7e65bed7bf3",
              "isHook": true,
              "skipped": false
            }
          ],
          "afterHooks": [
            {
              "title": "\"after each\" hook in \"Retrieve all data products\"",
              "fullTitle": "Retrieve all data products \"after each\" hook in \"Retrieve all data products\"",
              "timedOut": false,
              "duration": 113,
              "state": null,
              "speed": null,
              "pass": false,
              "fail": false,
              "pending": false,
              "context": null,
              "code": "if (driver) {\n    try {\n        await driver.quit();\n    } catch (err) {\n        console.error('❌ Gagal quit di after hook:', err);\n        throw err;\n    }\n}",
              "err": {},
              "uuid": "272880bb-3986-4112-9093-e3e6c402f68a",
              "parentUUID": "8205cf82-58b2-4676-8f58-b7e65bed7bf3",
              "isHook": true,
              "skipped": false
            }
          ],
          "tests": [
            {
              "title": "Retrieve all data products",
              "fullTitle": "Retrieve all data products Retrieve all data products",
              "timedOut": false,
              "duration": 1704,
              "state": "passed",
              "speed": "slow",
              "pass": true,
              "fail": false,
              "pending": false,
              "context": null,
              "code": "try {\n    if(!driver) {\n        throw new Error('Driver tidak tersedia untuk pengujian!')\n    }\n    // Jalankan fungsi test yang diberikan dengan driver\n    await testFn(driver);\n} catch (error) {\n    console.error('Test failed with error:', error);\n    throw error;\n}",
              "err": {},
              "uuid": "121b89e1-f17c-4b93-88db-c8f3eb0fe8f0",
              "parentUUID": "8205cf82-58b2-4676-8f58-b7e65bed7bf3",
              "isHook": false,
              "skipped": false
            }
          ],
          "suites": [],
          "passes": [
            "121b89e1-f17c-4b93-88db-c8f3eb0fe8f0"
          ],
          "failures": [],
          "pending": [],
          "skipped": [],
          "duration": 1704,
          "root": false,
          "rootEmpty": false,
          "_timeout": 10000
        },
        {
          "uuid": "23492fbb-d557-4547-90c9-4fabd355fb46",
          "title": "Sorting all data products from Price low to high",
          "fullFile": "D:\\Osi\\Automation-SauceDemo\\tests\\product\\sorting product.test.js",
          "file": "\\tests\\product\\sorting product.test.js",
          "beforeHooks": [
            {
              "title": "\"before each\" hook in \"Sorting all data products from Price low to high\"",
              "fullTitle": "Sorting all data products from Price low to high \"before each\" hook in \"Sorting all data products from Price low to high\"",
              "timedOut": false,
              "duration": 1050,
              "state": null,
              "speed": null,
              "pass": false,
              "fail": false,
              "pending": false,
              "context": null,
              "code": "try {\n    driver = await createDriver();\n} catch (err) {\n    console.error('❌ Gagal createDriver di before hook:', err);\n    throw err;\n}",
              "err": {},
              "uuid": "fe2f0856-f9b3-41d1-a60c-4c512247182a",
              "parentUUID": "23492fbb-d557-4547-90c9-4fabd355fb46",
              "isHook": true,
              "skipped": false
            }
          ],
          "afterHooks": [
            {
              "title": "\"after each\" hook in \"Sorting all data products from Price low to high\"",
              "fullTitle": "Sorting all data products from Price low to high \"after each\" hook in \"Sorting all data products from Price low to high\"",
              "timedOut": false,
              "duration": 259,
              "state": null,
              "speed": null,
              "pass": false,
              "fail": false,
              "pending": false,
              "context": null,
              "code": "if (driver) {\n    try {\n        await driver.quit();\n    } catch (err) {\n        console.error('❌ Gagal quit di after hook:', err);\n        throw err;\n    }\n}",
              "err": {},
              "uuid": "68833c90-5d26-42c3-a15d-b677850c0841",
              "parentUUID": "23492fbb-d557-4547-90c9-4fabd355fb46",
              "isHook": true,
              "skipped": false
            }
          ],
          "tests": [
            {
              "title": "Sorting all data products from Price low to high",
              "fullTitle": "Sorting all data products from Price low to high Sorting all data products from Price low to high",
              "timedOut": false,
              "duration": 1615,
              "state": "passed",
              "speed": "slow",
              "pass": true,
              "fail": false,
              "pending": false,
              "context": null,
              "code": "try {\n    if(!driver) {\n        throw new Error('Driver tidak tersedia untuk pengujian!')\n    }\n    // Jalankan fungsi test yang diberikan dengan driver\n    await testFn(driver);\n} catch (error) {\n    console.error('Test failed with error:', error);\n    throw error;\n}",
              "err": {},
              "uuid": "11cb1a12-5f48-4490-bf9d-a0762c1d5453",
              "parentUUID": "23492fbb-d557-4547-90c9-4fabd355fb46",
              "isHook": false,
              "skipped": false
            }
          ],
          "suites": [],
          "passes": [
            "11cb1a12-5f48-4490-bf9d-a0762c1d5453"
          ],
          "failures": [],
          "pending": [],
          "skipped": [],
          "duration": 1615,
          "root": false,
          "rootEmpty": false,
          "_timeout": 10000
        }
      ],
      "passes": [],
      "failures": [],
      "pending": [],
      "skipped": [],
      "duration": 0,
      "root": true,
      "rootEmpty": true,
      "_timeout": 10000
    }
  ],
  "meta": {
    "mocha": {
      "version": "11.1.0"
    },
    "mochawesome": {
      "options": {
        "quiet": false,
        "reportFilename": "mochawesome",
        "saveHtml": true,
        "saveJson": true,
        "consoleReporter": "spec",
        "useInlineDiffs": false,
        "code": true
      },
      "version": "7.1.3"
    },
    "marge": {
      "options": null,
      "version": "6.2.0"
    }
  }
}