{
  "stats": {
    "suites": 9,
    "tests": 9,
    "passes": 8,
    "pending": 0,
    "failures": 1,
    "start": "2025-05-14T13:11:07.125Z",
    "end": "2025-05-14T13:11:29.706Z",
    "duration": 22581,
    "testsRegistered": 9,
    "passPercent": 88.88888888888889,
    "pendingPercent": 0,
    "other": 0,
    "hasOther": false,
    "skipped": 0,
    "hasSkipped": false
  },
  "results": [
    {
      "uuid": "168a0f4b-84e0-4668-9a69-31c7b8238538",
      "title": "",
      "fullFile": "",
      "file": "",
      "beforeHooks": [],
      "afterHooks": [],
      "tests": [],
      "suites": [
        {
          "uuid": "a952ae6a-d13d-46ca-b925-9459e7cc915a",
          "title": "Login failed using blank all",
          "fullFile": "D:\\Osi\\Automation-SauceDemo\\tests\\login\\login_blank_all.test.js",
          "file": "\\tests\\login\\login_blank_all.test.js",
          "beforeHooks": [
            {
              "title": "\"before each\" hook in \"Login failed using blank all\"",
              "fullTitle": "Login failed using blank all \"before each\" hook in \"Login failed using blank all\"",
              "timedOut": false,
              "duration": 2432,
              "state": null,
              "speed": null,
              "pass": false,
              "fail": false,
              "pending": false,
              "context": null,
              "code": "try {\n    driver = await createDriver();\n} catch (err) {\n    console.error('❌ Gagal createDriver di before hook:', err);\n    throw err;\n}",
              "err": {},
              "uuid": "783efdcb-1324-4691-ad83-6afd57474f8c",
              "parentUUID": "a952ae6a-d13d-46ca-b925-9459e7cc915a",
              "isHook": true,
              "skipped": false
            }
          ],
          "afterHooks": [
            {
              "title": "\"after each\" hook in \"Login failed using blank all\"",
              "fullTitle": "Login failed using blank all \"after each\" hook in \"Login failed using blank all\"",
              "timedOut": false,
              "duration": 109,
              "state": null,
              "speed": null,
              "pass": false,
              "fail": false,
              "pending": false,
              "context": null,
              "code": "if (driver) {\n    try {\n        await driver.quit();\n    } catch (err) {\n        console.error('❌ Gagal quit di after hook:', err);\n        throw err;\n    }\n}",
              "err": {},
              "uuid": "6f47abb8-d305-4570-abf8-1582406d2aaf",
              "parentUUID": "a952ae6a-d13d-46ca-b925-9459e7cc915a",
              "isHook": true,
              "skipped": false
            }
          ],
          "tests": [
            {
              "title": "Login failed using blank all",
              "fullTitle": "Login failed using blank all Login failed using blank all",
              "timedOut": false,
              "duration": 1111,
              "state": "passed",
              "speed": "slow",
              "pass": true,
              "fail": false,
              "pending": false,
              "context": null,
              "code": "try {\n    if(!driver) {\n        throw new Error('Driver tidak tersedia untuk pengujian!')\n    }\n    // Jalankan fungsi test yang diberikan dengan driver\n    await testFn(driver);\n} catch (error) {\n    console.error('Test failed with error:', error);\n    throw error;\n}",
              "err": {},
              "uuid": "22602082-7b00-4e4a-b1fa-d8f6eff21b0b",
              "parentUUID": "a952ae6a-d13d-46ca-b925-9459e7cc915a",
              "isHook": false,
              "skipped": false
            }
          ],
          "suites": [],
          "passes": [
            "22602082-7b00-4e4a-b1fa-d8f6eff21b0b"
          ],
          "failures": [],
          "pending": [],
          "skipped": [],
          "duration": 1111,
          "root": false,
          "rootEmpty": false,
          "_timeout": 10000
        },
        {
          "uuid": "543cf570-6405-437d-9202-ca9b123311b8",
          "title": "Login failed using blank password",
          "fullFile": "D:\\Osi\\Automation-SauceDemo\\tests\\login\\login_blank_password.test.js",
          "file": "\\tests\\login\\login_blank_password.test.js",
          "beforeHooks": [
            {
              "title": "\"before each\" hook in \"Login failed using blank password\"",
              "fullTitle": "Login failed using blank password \"before each\" hook in \"Login failed using blank password\"",
              "timedOut": false,
              "duration": 1159,
              "state": null,
              "speed": null,
              "pass": false,
              "fail": false,
              "pending": false,
              "context": null,
              "code": "try {\n    driver = await createDriver();\n} catch (err) {\n    console.error('❌ Gagal createDriver di before hook:', err);\n    throw err;\n}",
              "err": {},
              "uuid": "97c44d5c-abda-4321-b50e-e0f1440224df",
              "parentUUID": "543cf570-6405-437d-9202-ca9b123311b8",
              "isHook": true,
              "skipped": false
            }
          ],
          "afterHooks": [
            {
              "title": "\"after each\" hook in \"Login failed using blank password\"",
              "fullTitle": "Login failed using blank password \"after each\" hook in \"Login failed using blank password\"",
              "timedOut": false,
              "duration": 58,
              "state": null,
              "speed": null,
              "pass": false,
              "fail": false,
              "pending": false,
              "context": null,
              "code": "if (driver) {\n    try {\n        await driver.quit();\n    } catch (err) {\n        console.error('❌ Gagal quit di after hook:', err);\n        throw err;\n    }\n}",
              "err": {},
              "uuid": "607fb470-13d7-4df4-b328-5aa560fac637",
              "parentUUID": "543cf570-6405-437d-9202-ca9b123311b8",
              "isHook": true,
              "skipped": false
            }
          ],
          "tests": [
            {
              "title": "Login failed using blank password",
              "fullTitle": "Login failed using blank password Login failed using blank password",
              "timedOut": false,
              "duration": 1146,
              "state": "passed",
              "speed": "slow",
              "pass": true,
              "fail": false,
              "pending": false,
              "context": null,
              "code": "try {\n    if(!driver) {\n        throw new Error('Driver tidak tersedia untuk pengujian!')\n    }\n    // Jalankan fungsi test yang diberikan dengan driver\n    await testFn(driver);\n} catch (error) {\n    console.error('Test failed with error:', error);\n    throw error;\n}",
              "err": {},
              "uuid": "2061ccea-3b3f-4c95-b025-ff301a2002ae",
              "parentUUID": "543cf570-6405-437d-9202-ca9b123311b8",
              "isHook": false,
              "skipped": false
            }
          ],
          "suites": [],
          "passes": [
            "2061ccea-3b3f-4c95-b025-ff301a2002ae"
          ],
          "failures": [],
          "pending": [],
          "skipped": [],
          "duration": 1146,
          "root": false,
          "rootEmpty": false,
          "_timeout": 10000
        },
        {
          "uuid": "d7d01428-4786-42ea-8392-8b74f67ff116",
          "title": "Login failed using blank username",
          "fullFile": "D:\\Osi\\Automation-SauceDemo\\tests\\login\\login_blank_username.test.js",
          "file": "\\tests\\login\\login_blank_username.test.js",
          "beforeHooks": [
            {
              "title": "\"before each\" hook in \"Login failed using blank username\"",
              "fullTitle": "Login failed using blank username \"before each\" hook in \"Login failed using blank username\"",
              "timedOut": false,
              "duration": 1048,
              "state": null,
              "speed": null,
              "pass": false,
              "fail": false,
              "pending": false,
              "context": null,
              "code": "try {\n    driver = await createDriver();\n} catch (err) {\n    console.error('❌ Gagal createDriver di before hook:', err);\n    throw err;\n}",
              "err": {},
              "uuid": "2889ba59-b5fb-41c6-8066-e380d3e463c2",
              "parentUUID": "d7d01428-4786-42ea-8392-8b74f67ff116",
              "isHook": true,
              "skipped": false
            }
          ],
          "afterHooks": [
            {
              "title": "\"after each\" hook in \"Login failed using blank username\"",
              "fullTitle": "Login failed using blank username \"after each\" hook in \"Login failed using blank username\"",
              "timedOut": false,
              "duration": 70,
              "state": null,
              "speed": null,
              "pass": false,
              "fail": false,
              "pending": false,
              "context": null,
              "code": "if (driver) {\n    try {\n        await driver.quit();\n    } catch (err) {\n        console.error('❌ Gagal quit di after hook:', err);\n        throw err;\n    }\n}",
              "err": {},
              "uuid": "f88ac299-7620-4eb9-8109-dac0afd72e2b",
              "parentUUID": "d7d01428-4786-42ea-8392-8b74f67ff116",
              "isHook": true,
              "skipped": false
            }
          ],
          "tests": [
            {
              "title": "Login failed using blank username",
              "fullTitle": "Login failed using blank username Login failed using blank username",
              "timedOut": false,
              "duration": 1049,
              "state": "passed",
              "speed": "slow",
              "pass": true,
              "fail": false,
              "pending": false,
              "context": null,
              "code": "try {\n    if(!driver) {\n        throw new Error('Driver tidak tersedia untuk pengujian!')\n    }\n    // Jalankan fungsi test yang diberikan dengan driver\n    await testFn(driver);\n} catch (error) {\n    console.error('Test failed with error:', error);\n    throw error;\n}",
              "err": {},
              "uuid": "abbba01d-e12b-4519-b90f-7dba3b4194d0",
              "parentUUID": "d7d01428-4786-42ea-8392-8b74f67ff116",
              "isHook": false,
              "skipped": false
            }
          ],
          "suites": [],
          "passes": [
            "abbba01d-e12b-4519-b90f-7dba3b4194d0"
          ],
          "failures": [],
          "pending": [],
          "skipped": [],
          "duration": 1049,
          "root": false,
          "rootEmpty": false,
          "_timeout": 10000
        },
        {
          "uuid": "04f62bee-3257-4cd2-bfa6-327519bdc815",
          "title": "Login success using valid credential",
          "fullFile": "D:\\Osi\\Automation-SauceDemo\\tests\\login\\login_success.test.js",
          "file": "\\tests\\login\\login_success.test.js",
          "beforeHooks": [
            {
              "title": "\"before each\" hook in \"Login success using valid credential\"",
              "fullTitle": "Login success using valid credential \"before each\" hook in \"Login success using valid credential\"",
              "timedOut": false,
              "duration": 1077,
              "state": null,
              "speed": null,
              "pass": false,
              "fail": false,
              "pending": false,
              "context": null,
              "code": "try {\n    driver = await createDriver();\n} catch (err) {\n    console.error('❌ Gagal createDriver di before hook:', err);\n    throw err;\n}",
              "err": {},
              "uuid": "0881f14c-8129-4bbe-92bb-4c51373a530f",
              "parentUUID": "04f62bee-3257-4cd2-bfa6-327519bdc815",
              "isHook": true,
              "skipped": false
            }
          ],
          "afterHooks": [
            {
              "title": "\"after each\" hook in \"Login success using valid credential\"",
              "fullTitle": "Login success using valid credential \"after each\" hook in \"Login success using valid credential\"",
              "timedOut": false,
              "duration": 79,
              "state": null,
              "speed": null,
              "pass": false,
              "fail": false,
              "pending": false,
              "context": null,
              "code": "if (driver) {\n    try {\n        await driver.quit();\n    } catch (err) {\n        console.error('❌ Gagal quit di after hook:', err);\n        throw err;\n    }\n}",
              "err": {},
              "uuid": "626d51ad-0494-4f8e-baef-e1fc032305e1",
              "parentUUID": "04f62bee-3257-4cd2-bfa6-327519bdc815",
              "isHook": true,
              "skipped": false
            }
          ],
          "tests": [
            {
              "title": "Login success using valid credential",
              "fullTitle": "Login success using valid credential Login success using valid credential",
              "timedOut": false,
              "duration": 1161,
              "state": "passed",
              "speed": "slow",
              "pass": true,
              "fail": false,
              "pending": false,
              "context": null,
              "code": "try {\n    if(!driver) {\n        throw new Error('Driver tidak tersedia untuk pengujian!')\n    }\n    // Jalankan fungsi test yang diberikan dengan driver\n    await testFn(driver);\n} catch (error) {\n    console.error('Test failed with error:', error);\n    throw error;\n}",
              "err": {},
              "uuid": "72248a24-d94f-4611-a5fd-860b4eb3e209",
              "parentUUID": "04f62bee-3257-4cd2-bfa6-327519bdc815",
              "isHook": false,
              "skipped": false
            }
          ],
          "suites": [],
          "passes": [
            "72248a24-d94f-4611-a5fd-860b4eb3e209"
          ],
          "failures": [],
          "pending": [],
          "skipped": [],
          "duration": 1161,
          "root": false,
          "rootEmpty": false,
          "_timeout": 10000
        },
        {
          "uuid": "7220d2cc-abd2-4cee-9cc2-32460c55000a",
          "title": "Login failed using wrong password",
          "fullFile": "D:\\Osi\\Automation-SauceDemo\\tests\\login\\login_wrong_password.test.js",
          "file": "\\tests\\login\\login_wrong_password.test.js",
          "beforeHooks": [
            {
              "title": "\"before each\" hook in \"Login failed using wrong password\"",
              "fullTitle": "Login failed using wrong password \"before each\" hook in \"Login failed using wrong password\"",
              "timedOut": false,
              "duration": 1125,
              "state": null,
              "speed": null,
              "pass": false,
              "fail": false,
              "pending": false,
              "context": null,
              "code": "try {\n    driver = await createDriver();\n} catch (err) {\n    console.error('❌ Gagal createDriver di before hook:', err);\n    throw err;\n}",
              "err": {},
              "uuid": "1bca5eed-e387-437c-96dd-20432e1655f6",
              "parentUUID": "7220d2cc-abd2-4cee-9cc2-32460c55000a",
              "isHook": true,
              "skipped": false
            }
          ],
          "afterHooks": [
            {
              "title": "\"after each\" hook in \"Login failed using wrong password\"",
              "fullTitle": "Login failed using wrong password \"after each\" hook in \"Login failed using wrong password\"",
              "timedOut": false,
              "duration": 83,
              "state": null,
              "speed": null,
              "pass": false,
              "fail": false,
              "pending": false,
              "context": null,
              "code": "if (driver) {\n    try {\n        await driver.quit();\n    } catch (err) {\n        console.error('❌ Gagal quit di after hook:', err);\n        throw err;\n    }\n}",
              "err": {},
              "uuid": "10440107-7474-4c0e-9219-8888bcf09609",
              "parentUUID": "7220d2cc-abd2-4cee-9cc2-32460c55000a",
              "isHook": true,
              "skipped": false
            }
          ],
          "tests": [
            {
              "title": "Login failed using wrong password",
              "fullTitle": "Login failed using wrong password Login failed using wrong password",
              "timedOut": false,
              "duration": 958,
              "state": "passed",
              "speed": "slow",
              "pass": true,
              "fail": false,
              "pending": false,
              "context": null,
              "code": "try {\n    if(!driver) {\n        throw new Error('Driver tidak tersedia untuk pengujian!')\n    }\n    // Jalankan fungsi test yang diberikan dengan driver\n    await testFn(driver);\n} catch (error) {\n    console.error('Test failed with error:', error);\n    throw error;\n}",
              "err": {},
              "uuid": "84d91850-84e7-4b02-800e-6bf0b2b0e3c8",
              "parentUUID": "7220d2cc-abd2-4cee-9cc2-32460c55000a",
              "isHook": false,
              "skipped": false
            }
          ],
          "suites": [],
          "passes": [
            "84d91850-84e7-4b02-800e-6bf0b2b0e3c8"
          ],
          "failures": [],
          "pending": [],
          "skipped": [],
          "duration": 958,
          "root": false,
          "rootEmpty": false,
          "_timeout": 10000
        },
        {
          "uuid": "8ae2620b-0818-4c1e-998f-7b16b3893984",
          "title": "Login failed using wrong username",
          "fullFile": "D:\\Osi\\Automation-SauceDemo\\tests\\login\\login_wrong_username.test.js",
          "file": "\\tests\\login\\login_wrong_username.test.js",
          "beforeHooks": [
            {
              "title": "\"before each\" hook in \"Login failed using wrong username\"",
              "fullTitle": "Login failed using wrong username \"before each\" hook in \"Login failed using wrong username\"",
              "timedOut": false,
              "duration": 1150,
              "state": null,
              "speed": null,
              "pass": false,
              "fail": false,
              "pending": false,
              "context": null,
              "code": "try {\n    driver = await createDriver();\n} catch (err) {\n    console.error('❌ Gagal createDriver di before hook:', err);\n    throw err;\n}",
              "err": {},
              "uuid": "3c27b55f-210c-476a-a063-bfbba34b957e",
              "parentUUID": "8ae2620b-0818-4c1e-998f-7b16b3893984",
              "isHook": true,
              "skipped": false
            }
          ],
          "afterHooks": [
            {
              "title": "\"after each\" hook in \"Login failed using wrong username\"",
              "fullTitle": "Login failed using wrong username \"after each\" hook in \"Login failed using wrong username\"",
              "timedOut": false,
              "duration": 92,
              "state": null,
              "speed": null,
              "pass": false,
              "fail": false,
              "pending": false,
              "context": null,
              "code": "if (driver) {\n    try {\n        await driver.quit();\n    } catch (err) {\n        console.error('❌ Gagal quit di after hook:', err);\n        throw err;\n    }\n}",
              "err": {},
              "uuid": "162053a0-efee-4479-b1e1-9bd745f8a5c5",
              "parentUUID": "8ae2620b-0818-4c1e-998f-7b16b3893984",
              "isHook": true,
              "skipped": false
            }
          ],
          "tests": [
            {
              "title": "Login failed using wrong username",
              "fullTitle": "Login failed using wrong username Login failed using wrong username",
              "timedOut": false,
              "duration": 1019,
              "state": "passed",
              "speed": "slow",
              "pass": true,
              "fail": false,
              "pending": false,
              "context": null,
              "code": "try {\n    if(!driver) {\n        throw new Error('Driver tidak tersedia untuk pengujian!')\n    }\n    // Jalankan fungsi test yang diberikan dengan driver\n    await testFn(driver);\n} catch (error) {\n    console.error('Test failed with error:', error);\n    throw error;\n}",
              "err": {},
              "uuid": "8e21ee1f-6b48-4f89-8863-0838e0ea4e18",
              "parentUUID": "8ae2620b-0818-4c1e-998f-7b16b3893984",
              "isHook": false,
              "skipped": false
            }
          ],
          "suites": [],
          "passes": [
            "8e21ee1f-6b48-4f89-8863-0838e0ea4e18"
          ],
          "failures": [],
          "pending": [],
          "skipped": [],
          "duration": 1019,
          "root": false,
          "rootEmpty": false,
          "_timeout": 10000
        },
        {
          "uuid": "42e9a687-1a03-4188-ba0d-42b0fe4ebdfc",
          "title": "Retrieve all data products",
          "fullFile": "D:\\Osi\\Automation-SauceDemo\\tests\\product\\list_all_product.test.js",
          "file": "\\tests\\product\\list_all_product.test.js",
          "beforeHooks": [
            {
              "title": "\"before each\" hook in \"Retrieve all data products\"",
              "fullTitle": "Retrieve all data products \"before each\" hook in \"Retrieve all data products\"",
              "timedOut": false,
              "duration": 1077,
              "state": null,
              "speed": null,
              "pass": false,
              "fail": false,
              "pending": false,
              "context": null,
              "code": "try {\n    driver = await createDriver();\n} catch (err) {\n    console.error('❌ Gagal createDriver di before hook:', err);\n    throw err;\n}",
              "err": {},
              "uuid": "5f6bda47-dedd-43b4-b984-cb8c755cd0d6",
              "parentUUID": "42e9a687-1a03-4188-ba0d-42b0fe4ebdfc",
              "isHook": true,
              "skipped": false
            }
          ],
          "afterHooks": [
            {
              "title": "\"after each\" hook in \"Retrieve all data products\"",
              "fullTitle": "Retrieve all data products \"after each\" hook in \"Retrieve all data products\"",
              "timedOut": false,
              "duration": 62,
              "state": null,
              "speed": null,
              "pass": false,
              "fail": false,
              "pending": false,
              "context": null,
              "code": "if (driver) {\n    try {\n        await driver.quit();\n    } catch (err) {\n        console.error('❌ Gagal quit di after hook:', err);\n        throw err;\n    }\n}",
              "err": {},
              "uuid": "03687bd9-b585-4983-b261-8dc231e1af48",
              "parentUUID": "42e9a687-1a03-4188-ba0d-42b0fe4ebdfc",
              "isHook": true,
              "skipped": false
            }
          ],
          "tests": [
            {
              "title": "Retrieve all data products",
              "fullTitle": "Retrieve all data products Retrieve all data products",
              "timedOut": false,
              "duration": 1399,
              "state": "passed",
              "speed": "slow",
              "pass": true,
              "fail": false,
              "pending": false,
              "context": null,
              "code": "try {\n    if(!driver) {\n        throw new Error('Driver tidak tersedia untuk pengujian!')\n    }\n    // Jalankan fungsi test yang diberikan dengan driver\n    await testFn(driver);\n} catch (error) {\n    console.error('Test failed with error:', error);\n    throw error;\n}",
              "err": {},
              "uuid": "18e47e09-d3b1-485b-9165-8c11d1991631",
              "parentUUID": "42e9a687-1a03-4188-ba0d-42b0fe4ebdfc",
              "isHook": false,
              "skipped": false
            }
          ],
          "suites": [],
          "passes": [
            "18e47e09-d3b1-485b-9165-8c11d1991631"
          ],
          "failures": [],
          "pending": [],
          "skipped": [],
          "duration": 1399,
          "root": false,
          "rootEmpty": false,
          "_timeout": 10000
        },
        {
          "uuid": "76bb5d9a-46d4-4482-9101-727aaa34b119",
          "title": "Sorting all data products from Price low to high",
          "fullFile": "D:\\Osi\\Automation-SauceDemo\\tests\\product\\sorting product.test.js",
          "file": "\\tests\\product\\sorting product.test.js",
          "beforeHooks": [
            {
              "title": "\"before each\" hook in \"Sorting all data products from Price low to high\"",
              "fullTitle": "Sorting all data products from Price low to high \"before each\" hook in \"Sorting all data products from Price low to high\"",
              "timedOut": false,
              "duration": 1151,
              "state": null,
              "speed": null,
              "pass": false,
              "fail": false,
              "pending": false,
              "context": null,
              "code": "try {\n    driver = await createDriver();\n} catch (err) {\n    console.error('❌ Gagal createDriver di before hook:', err);\n    throw err;\n}",
              "err": {},
              "uuid": "f865a754-5214-4fe8-af18-e6d3a9a62f4b",
              "parentUUID": "76bb5d9a-46d4-4482-9101-727aaa34b119",
              "isHook": true,
              "skipped": false
            }
          ],
          "afterHooks": [
            {
              "title": "\"after each\" hook in \"Sorting all data products from Price low to high\"",
              "fullTitle": "Sorting all data products from Price low to high \"after each\" hook in \"Sorting all data products from Price low to high\"",
              "timedOut": false,
              "duration": 79,
              "state": null,
              "speed": null,
              "pass": false,
              "fail": false,
              "pending": false,
              "context": null,
              "code": "if (driver) {\n    try {\n        await driver.quit();\n    } catch (err) {\n        console.error('❌ Gagal quit di after hook:', err);\n        throw err;\n    }\n}",
              "err": {},
              "uuid": "54b9473c-ed88-4d4b-8071-a7c2e37f738f",
              "parentUUID": "76bb5d9a-46d4-4482-9101-727aaa34b119",
              "isHook": true,
              "skipped": false
            }
          ],
          "tests": [
            {
              "title": "Sorting all data products from Price low to high",
              "fullTitle": "Sorting all data products from Price low to high Sorting all data products from Price low to high",
              "timedOut": false,
              "duration": 1441,
              "state": "passed",
              "speed": "slow",
              "pass": true,
              "fail": false,
              "pending": false,
              "context": null,
              "code": "try {\n    if(!driver) {\n        throw new Error('Driver tidak tersedia untuk pengujian!')\n    }\n    // Jalankan fungsi test yang diberikan dengan driver\n    await testFn(driver);\n} catch (error) {\n    console.error('Test failed with error:', error);\n    throw error;\n}",
              "err": {},
              "uuid": "915eb841-693b-4481-a83f-7714bfdb7509",
              "parentUUID": "76bb5d9a-46d4-4482-9101-727aaa34b119",
              "isHook": false,
              "skipped": false
            }
          ],
          "suites": [],
          "passes": [
            "915eb841-693b-4481-a83f-7714bfdb7509"
          ],
          "failures": [],
          "pending": [],
          "skipped": [],
          "duration": 1441,
          "root": false,
          "rootEmpty": false,
          "_timeout": 10000
        },
        {
          "uuid": "7a96acfe-5a35-457c-b106-04406278b9fa",
          "title": "Sorting all data products from Price High to Low",
          "fullFile": "D:\\Osi\\Automation-SauceDemo\\tests\\product\\sorting product.test.js",
          "file": "\\tests\\product\\sorting product.test.js",
          "beforeHooks": [
            {
              "title": "\"before each\" hook in \"Sorting all data products from Price High to Low\"",
              "fullTitle": "Sorting all data products from Price High to Low \"before each\" hook in \"Sorting all data products from Price High to Low\"",
              "timedOut": false,
              "duration": 1082,
              "state": null,
              "speed": null,
              "pass": false,
              "fail": false,
              "pending": false,
              "context": null,
              "code": "try {\n    driver = await createDriver();\n} catch (err) {\n    console.error('❌ Gagal createDriver di before hook:', err);\n    throw err;\n}",
              "err": {},
              "uuid": "4d5db975-cb81-410d-a5a4-5fbe49bd2781",
              "parentUUID": "7a96acfe-5a35-457c-b106-04406278b9fa",
              "isHook": true,
              "skipped": false
            }
          ],
          "afterHooks": [
            {
              "title": "\"after each\" hook in \"Sorting all data products from Price High to Low\"",
              "fullTitle": "Sorting all data products from Price High to Low \"after each\" hook in \"Sorting all data products from Price High to Low\"",
              "timedOut": false,
              "duration": 62,
              "state": null,
              "speed": null,
              "pass": false,
              "fail": false,
              "pending": false,
              "context": null,
              "code": "if (driver) {\n    try {\n        await driver.quit();\n    } catch (err) {\n        console.error('❌ Gagal quit di after hook:', err);\n        throw err;\n    }\n}",
              "err": {},
              "uuid": "ccd0208d-e411-4a14-a506-920746d1cc06",
              "parentUUID": "7a96acfe-5a35-457c-b106-04406278b9fa",
              "isHook": true,
              "skipped": false
            }
          ],
          "tests": [
            {
              "title": "Sorting all data products from Price High to Low",
              "fullTitle": "Sorting all data products from Price High to Low Sorting all data products from Price High to Low",
              "timedOut": false,
              "duration": 1272,
              "state": "failed",
              "speed": null,
              "pass": false,
              "fail": true,
              "pending": false,
              "context": null,
              "code": "try {\n    if(!driver) {\n        throw new Error('Driver tidak tersedia untuk pengujian!')\n    }\n    // Jalankan fungsi test yang diberikan dengan driver\n    await testFn(driver);\n} catch (error) {\n    console.error('Test failed with error:', error);\n    throw error;\n}",
              "err": {
                "message": "TypeError: Cannot read properties of undefined (reading 'toString')",
                "estack": "TypeError: Cannot read properties of undefined (reading 'toString')\n    at safeFindElement (file:///D:/Osi/Automation-SauceDemo/utils/helpers.js:23:72)\n    at process.processTicksAndRejections (node:internal/process/task_queues:95:5)\n    at async file:///D:/Osi/Automation-SauceDemo/tests/product/sorting%20product.test.js:28:30\n    at async Context.<anonymous> (file:///D:/Osi/Automation-SauceDemo/utils/baseTest.js:33:17)",
                "diff": null
              },
              "uuid": "e8769b98-c970-4d82-948f-52d60addfa47",
              "parentUUID": "7a96acfe-5a35-457c-b106-04406278b9fa",
              "isHook": false,
              "skipped": false
            }
          ],
          "suites": [],
          "passes": [],
          "failures": [
            "e8769b98-c970-4d82-948f-52d60addfa47"
          ],
          "pending": [],
          "skipped": [],
          "duration": 1272,
          "root": false,
          "rootEmpty": false,
          "_timeout": 10000
        }
      ],
      "passes": [],
      "failures": [],
      "pending": [],
      "skipped": [],
      "duration": 0,
      "root": true,
      "rootEmpty": true,
      "_timeout": 10000
    }
  ],
  "meta": {
    "mocha": {
      "version": "11.1.0"
    },
    "mochawesome": {
      "options": {
        "quiet": false,
        "reportFilename": "mochawesome",
        "saveHtml": true,
        "saveJson": true,
        "consoleReporter": "spec",
        "useInlineDiffs": false,
        "code": true
      },
      "version": "7.1.3"
    },
    "marge": {
      "options": null,
      "version": "6.2.0"
    }
  }
}