{
  "stats": {
    "suites": 8,
    "tests": 8,
    "passes": 8,
    "pending": 0,
    "failures": 0,
    "start": "2025-05-14T14:38:06.886Z",
    "end": "2025-05-14T14:38:29.887Z",
    "duration": 23001,
    "testsRegistered": 8,
    "passPercent": 100,
    "pendingPercent": 0,
    "other": 0,
    "hasOther": false,
    "skipped": 0,
    "hasSkipped": false
  },
  "results": [
    {
      "uuid": "1dd8a9b7-d217-40ec-ac0f-892bc1977109",
      "title": "",
      "fullFile": "",
      "file": "",
      "beforeHooks": [],
      "afterHooks": [],
      "tests": [],
      "suites": [
        {
          "uuid": "a857970a-fbdf-4887-ba9d-a47a6cbe4f6c",
          "title": "Login failed using blank all",
          "fullFile": "D:\\Osi\\Automation-SauceDemo\\tests\\login\\login_blank_all.test.js",
          "file": "\\tests\\login\\login_blank_all.test.js",
          "beforeHooks": [
            {
              "title": "\"before each\" hook in \"Login failed using blank all\"",
              "fullTitle": "Login failed using blank all \"before each\" hook in \"Login failed using blank all\"",
              "timedOut": false,
              "duration": 1201,
              "state": null,
              "speed": null,
              "pass": false,
              "fail": false,
              "pending": false,
              "context": null,
              "code": "try {\n    driver = await createDriver();\n} catch (err) {\n    console.error('❌ Gagal createDriver di before hook:', err);\n    throw err;\n}",
              "err": {},
              "uuid": "e1c364df-e89b-4227-9b2f-31735885b3d8",
              "parentUUID": "a857970a-fbdf-4887-ba9d-a47a6cbe4f6c",
              "isHook": true,
              "skipped": false
            }
          ],
          "afterHooks": [
            {
              "title": "\"after each\" hook in \"Login failed using blank all\"",
              "fullTitle": "Login failed using blank all \"after each\" hook in \"Login failed using blank all\"",
              "timedOut": false,
              "duration": 68,
              "state": null,
              "speed": null,
              "pass": false,
              "fail": false,
              "pending": false,
              "context": null,
              "code": "if (driver) {\n    try {\n        await driver.quit();\n    } catch (err) {\n        console.error('❌ Gagal quit di after hook:', err);\n        throw err;\n    }\n}",
              "err": {},
              "uuid": "438841b8-91c9-46bf-b3d8-cee0dcc6be4d",
              "parentUUID": "a857970a-fbdf-4887-ba9d-a47a6cbe4f6c",
              "isHook": true,
              "skipped": false
            }
          ],
          "tests": [
            {
              "title": "Login failed using blank all",
              "fullTitle": "Login failed using blank all Login failed using blank all",
              "timedOut": false,
              "duration": 1672,
              "state": "passed",
              "speed": "slow",
              "pass": true,
              "fail": false,
              "pending": false,
              "context": null,
              "code": "try {\n    if(!driver) {\n        throw new Error('Driver tidak tersedia untuk pengujian!')\n    }\n    // Jalankan fungsi test yang diberikan dengan driver\n    await testFn(driver);\n} catch (error) {\n    console.error('Test failed with error:', error);\n    throw error;\n}",
              "err": {},
              "uuid": "5ce44656-5fe0-4547-866d-0491b8dad333",
              "parentUUID": "a857970a-fbdf-4887-ba9d-a47a6cbe4f6c",
              "isHook": false,
              "skipped": false
            }
          ],
          "suites": [],
          "passes": [
            "5ce44656-5fe0-4547-866d-0491b8dad333"
          ],
          "failures": [],
          "pending": [],
          "skipped": [],
          "duration": 1672,
          "root": false,
          "rootEmpty": false,
          "_timeout": 10000
        },
        {
          "uuid": "8231adba-1551-4b96-a785-8a550cd91fa1",
          "title": "Login failed using blank password",
          "fullFile": "D:\\Osi\\Automation-SauceDemo\\tests\\login\\login_blank_password.test.js",
          "file": "\\tests\\login\\login_blank_password.test.js",
          "beforeHooks": [
            {
              "title": "\"before each\" hook in \"Login failed using blank password\"",
              "fullTitle": "Login failed using blank password \"before each\" hook in \"Login failed using blank password\"",
              "timedOut": false,
              "duration": 1108,
              "state": null,
              "speed": null,
              "pass": false,
              "fail": false,
              "pending": false,
              "context": null,
              "code": "try {\n    driver = await createDriver();\n} catch (err) {\n    console.error('❌ Gagal createDriver di before hook:', err);\n    throw err;\n}",
              "err": {},
              "uuid": "809d8d63-3f08-4bf5-88d0-5ee2cd419daa",
              "parentUUID": "8231adba-1551-4b96-a785-8a550cd91fa1",
              "isHook": true,
              "skipped": false
            }
          ],
          "afterHooks": [
            {
              "title": "\"after each\" hook in \"Login failed using blank password\"",
              "fullTitle": "Login failed using blank password \"after each\" hook in \"Login failed using blank password\"",
              "timedOut": false,
              "duration": 46,
              "state": null,
              "speed": null,
              "pass": false,
              "fail": false,
              "pending": false,
              "context": null,
              "code": "if (driver) {\n    try {\n        await driver.quit();\n    } catch (err) {\n        console.error('❌ Gagal quit di after hook:', err);\n        throw err;\n    }\n}",
              "err": {},
              "uuid": "94ac29af-a613-48bc-b575-d0ec4037cad2",
              "parentUUID": "8231adba-1551-4b96-a785-8a550cd91fa1",
              "isHook": true,
              "skipped": false
            }
          ],
          "tests": [
            {
              "title": "Login failed using blank password",
              "fullTitle": "Login failed using blank password Login failed using blank password",
              "timedOut": false,
              "duration": 1559,
              "state": "passed",
              "speed": "slow",
              "pass": true,
              "fail": false,
              "pending": false,
              "context": null,
              "code": "try {\n    if(!driver) {\n        throw new Error('Driver tidak tersedia untuk pengujian!')\n    }\n    // Jalankan fungsi test yang diberikan dengan driver\n    await testFn(driver);\n} catch (error) {\n    console.error('Test failed with error:', error);\n    throw error;\n}",
              "err": {},
              "uuid": "ed7b217f-a4b3-4303-b560-2842c615bdd1",
              "parentUUID": "8231adba-1551-4b96-a785-8a550cd91fa1",
              "isHook": false,
              "skipped": false
            }
          ],
          "suites": [],
          "passes": [
            "ed7b217f-a4b3-4303-b560-2842c615bdd1"
          ],
          "failures": [],
          "pending": [],
          "skipped": [],
          "duration": 1559,
          "root": false,
          "rootEmpty": false,
          "_timeout": 10000
        },
        {
          "uuid": "8b29e389-1323-4a92-9077-3d5280dbbde9",
          "title": "Login failed using blank username",
          "fullFile": "D:\\Osi\\Automation-SauceDemo\\tests\\login\\login_blank_username.test.js",
          "file": "\\tests\\login\\login_blank_username.test.js",
          "beforeHooks": [
            {
              "title": "\"before each\" hook in \"Login failed using blank username\"",
              "fullTitle": "Login failed using blank username \"before each\" hook in \"Login failed using blank username\"",
              "timedOut": false,
              "duration": 1138,
              "state": null,
              "speed": null,
              "pass": false,
              "fail": false,
              "pending": false,
              "context": null,
              "code": "try {\n    driver = await createDriver();\n} catch (err) {\n    console.error('❌ Gagal createDriver di before hook:', err);\n    throw err;\n}",
              "err": {},
              "uuid": "60befd32-284e-4926-8a3d-f529f3ee51de",
              "parentUUID": "8b29e389-1323-4a92-9077-3d5280dbbde9",
              "isHook": true,
              "skipped": false
            }
          ],
          "afterHooks": [
            {
              "title": "\"after each\" hook in \"Login failed using blank username\"",
              "fullTitle": "Login failed using blank username \"after each\" hook in \"Login failed using blank username\"",
              "timedOut": false,
              "duration": 78,
              "state": null,
              "speed": null,
              "pass": false,
              "fail": false,
              "pending": false,
              "context": null,
              "code": "if (driver) {\n    try {\n        await driver.quit();\n    } catch (err) {\n        console.error('❌ Gagal quit di after hook:', err);\n        throw err;\n    }\n}",
              "err": {},
              "uuid": "66cc9d48-0adb-41ef-b419-3d5b5f02eed1",
              "parentUUID": "8b29e389-1323-4a92-9077-3d5280dbbde9",
              "isHook": true,
              "skipped": false
            }
          ],
          "tests": [
            {
              "title": "Login failed using blank username",
              "fullTitle": "Login failed using blank username Login failed using blank username",
              "timedOut": false,
              "duration": 1516,
              "state": "passed",
              "speed": "slow",
              "pass": true,
              "fail": false,
              "pending": false,
              "context": null,
              "code": "try {\n    if(!driver) {\n        throw new Error('Driver tidak tersedia untuk pengujian!')\n    }\n    // Jalankan fungsi test yang diberikan dengan driver\n    await testFn(driver);\n} catch (error) {\n    console.error('Test failed with error:', error);\n    throw error;\n}",
              "err": {},
              "uuid": "fb76fee9-98d6-4b5c-b7ed-840aa92fdcad",
              "parentUUID": "8b29e389-1323-4a92-9077-3d5280dbbde9",
              "isHook": false,
              "skipped": false
            }
          ],
          "suites": [],
          "passes": [
            "fb76fee9-98d6-4b5c-b7ed-840aa92fdcad"
          ],
          "failures": [],
          "pending": [],
          "skipped": [],
          "duration": 1516,
          "root": false,
          "rootEmpty": false,
          "_timeout": 10000
        },
        {
          "uuid": "56a888fe-5701-4ab7-a4cd-6e3b272fa51e",
          "title": "Login success using valid credential",
          "fullFile": "D:\\Osi\\Automation-SauceDemo\\tests\\login\\login_success.test.js",
          "file": "\\tests\\login\\login_success.test.js",
          "beforeHooks": [
            {
              "title": "\"before each\" hook in \"Login success using valid credential\"",
              "fullTitle": "Login success using valid credential \"before each\" hook in \"Login success using valid credential\"",
              "timedOut": false,
              "duration": 1176,
              "state": null,
              "speed": null,
              "pass": false,
              "fail": false,
              "pending": false,
              "context": null,
              "code": "try {\n    driver = await createDriver();\n} catch (err) {\n    console.error('❌ Gagal createDriver di before hook:', err);\n    throw err;\n}",
              "err": {},
              "uuid": "c717421e-698d-4b51-870b-40f7d7f09ac2",
              "parentUUID": "56a888fe-5701-4ab7-a4cd-6e3b272fa51e",
              "isHook": true,
              "skipped": false
            }
          ],
          "afterHooks": [
            {
              "title": "\"after each\" hook in \"Login success using valid credential\"",
              "fullTitle": "Login success using valid credential \"after each\" hook in \"Login success using valid credential\"",
              "timedOut": false,
              "duration": 51,
              "state": null,
              "speed": null,
              "pass": false,
              "fail": false,
              "pending": false,
              "context": null,
              "code": "if (driver) {\n    try {\n        await driver.quit();\n    } catch (err) {\n        console.error('❌ Gagal quit di after hook:', err);\n        throw err;\n    }\n}",
              "err": {},
              "uuid": "dd53818e-6b27-47a3-8d71-925bc0df74f3",
              "parentUUID": "56a888fe-5701-4ab7-a4cd-6e3b272fa51e",
              "isHook": true,
              "skipped": false
            }
          ],
          "tests": [
            {
              "title": "Login success using valid credential",
              "fullTitle": "Login success using valid credential Login success using valid credential",
              "timedOut": false,
              "duration": 1720,
              "state": "passed",
              "speed": "slow",
              "pass": true,
              "fail": false,
              "pending": false,
              "context": null,
              "code": "try {\n    if(!driver) {\n        throw new Error('Driver tidak tersedia untuk pengujian!')\n    }\n    // Jalankan fungsi test yang diberikan dengan driver\n    await testFn(driver);\n} catch (error) {\n    console.error('Test failed with error:', error);\n    throw error;\n}",
              "err": {},
              "uuid": "660b9132-49a7-4c3b-bbe2-4ceaad4bc861",
              "parentUUID": "56a888fe-5701-4ab7-a4cd-6e3b272fa51e",
              "isHook": false,
              "skipped": false
            }
          ],
          "suites": [],
          "passes": [
            "660b9132-49a7-4c3b-bbe2-4ceaad4bc861"
          ],
          "failures": [],
          "pending": [],
          "skipped": [],
          "duration": 1720,
          "root": false,
          "rootEmpty": false,
          "_timeout": 10000
        },
        {
          "uuid": "e3614994-95a0-416f-8e4a-d9ec4d19b196",
          "title": "Login failed using wrong password",
          "fullFile": "D:\\Osi\\Automation-SauceDemo\\tests\\login\\login_wrong_password.test.js",
          "file": "\\tests\\login\\login_wrong_password.test.js",
          "beforeHooks": [
            {
              "title": "\"before each\" hook in \"Login failed using wrong password\"",
              "fullTitle": "Login failed using wrong password \"before each\" hook in \"Login failed using wrong password\"",
              "timedOut": false,
              "duration": 1167,
              "state": null,
              "speed": null,
              "pass": false,
              "fail": false,
              "pending": false,
              "context": null,
              "code": "try {\n    driver = await createDriver();\n} catch (err) {\n    console.error('❌ Gagal createDriver di before hook:', err);\n    throw err;\n}",
              "err": {},
              "uuid": "4dde5a1e-42ea-4f21-8268-88e9bef8f85e",
              "parentUUID": "e3614994-95a0-416f-8e4a-d9ec4d19b196",
              "isHook": true,
              "skipped": false
            }
          ],
          "afterHooks": [
            {
              "title": "\"after each\" hook in \"Login failed using wrong password\"",
              "fullTitle": "Login failed using wrong password \"after each\" hook in \"Login failed using wrong password\"",
              "timedOut": false,
              "duration": 44,
              "state": null,
              "speed": null,
              "pass": false,
              "fail": false,
              "pending": false,
              "context": null,
              "code": "if (driver) {\n    try {\n        await driver.quit();\n    } catch (err) {\n        console.error('❌ Gagal quit di after hook:', err);\n        throw err;\n    }\n}",
              "err": {},
              "uuid": "4c54ae57-461e-4ca8-a33e-ff59368403d3",
              "parentUUID": "e3614994-95a0-416f-8e4a-d9ec4d19b196",
              "isHook": true,
              "skipped": false
            }
          ],
          "tests": [
            {
              "title": "Login failed using wrong password",
              "fullTitle": "Login failed using wrong password Login failed using wrong password",
              "timedOut": false,
              "duration": 1555,
              "state": "passed",
              "speed": "slow",
              "pass": true,
              "fail": false,
              "pending": false,
              "context": null,
              "code": "try {\n    if(!driver) {\n        throw new Error('Driver tidak tersedia untuk pengujian!')\n    }\n    // Jalankan fungsi test yang diberikan dengan driver\n    await testFn(driver);\n} catch (error) {\n    console.error('Test failed with error:', error);\n    throw error;\n}",
              "err": {},
              "uuid": "0a4b135e-43df-49bd-a4e8-c9e5c1c4cecd",
              "parentUUID": "e3614994-95a0-416f-8e4a-d9ec4d19b196",
              "isHook": false,
              "skipped": false
            }
          ],
          "suites": [],
          "passes": [
            "0a4b135e-43df-49bd-a4e8-c9e5c1c4cecd"
          ],
          "failures": [],
          "pending": [],
          "skipped": [],
          "duration": 1555,
          "root": false,
          "rootEmpty": false,
          "_timeout": 10000
        },
        {
          "uuid": "5635458d-08ee-41cf-861d-e8f8ec960c15",
          "title": "Login failed using wrong username",
          "fullFile": "D:\\Osi\\Automation-SauceDemo\\tests\\login\\login_wrong_username.test.js",
          "file": "\\tests\\login\\login_wrong_username.test.js",
          "beforeHooks": [
            {
              "title": "\"before each\" hook in \"Login failed using wrong username\"",
              "fullTitle": "Login failed using wrong username \"before each\" hook in \"Login failed using wrong username\"",
              "timedOut": false,
              "duration": 1152,
              "state": null,
              "speed": null,
              "pass": false,
              "fail": false,
              "pending": false,
              "context": null,
              "code": "try {\n    driver = await createDriver();\n} catch (err) {\n    console.error('❌ Gagal createDriver di before hook:', err);\n    throw err;\n}",
              "err": {},
              "uuid": "57233d6e-2275-4e82-af3a-a695570a2e99",
              "parentUUID": "5635458d-08ee-41cf-861d-e8f8ec960c15",
              "isHook": true,
              "skipped": false
            }
          ],
          "afterHooks": [
            {
              "title": "\"after each\" hook in \"Login failed using wrong username\"",
              "fullTitle": "Login failed using wrong username \"after each\" hook in \"Login failed using wrong username\"",
              "timedOut": false,
              "duration": 76,
              "state": null,
              "speed": null,
              "pass": false,
              "fail": false,
              "pending": false,
              "context": null,
              "code": "if (driver) {\n    try {\n        await driver.quit();\n    } catch (err) {\n        console.error('❌ Gagal quit di after hook:', err);\n        throw err;\n    }\n}",
              "err": {},
              "uuid": "831a718a-e98c-4e16-87c1-69b9711517ac",
              "parentUUID": "5635458d-08ee-41cf-861d-e8f8ec960c15",
              "isHook": true,
              "skipped": false
            }
          ],
          "tests": [
            {
              "title": "Login failed using wrong username",
              "fullTitle": "Login failed using wrong username Login failed using wrong username",
              "timedOut": false,
              "duration": 1460,
              "state": "passed",
              "speed": "slow",
              "pass": true,
              "fail": false,
              "pending": false,
              "context": null,
              "code": "try {\n    if(!driver) {\n        throw new Error('Driver tidak tersedia untuk pengujian!')\n    }\n    // Jalankan fungsi test yang diberikan dengan driver\n    await testFn(driver);\n} catch (error) {\n    console.error('Test failed with error:', error);\n    throw error;\n}",
              "err": {},
              "uuid": "a4f6f536-1570-4735-87fe-db335db33c97",
              "parentUUID": "5635458d-08ee-41cf-861d-e8f8ec960c15",
              "isHook": false,
              "skipped": false
            }
          ],
          "suites": [],
          "passes": [
            "a4f6f536-1570-4735-87fe-db335db33c97"
          ],
          "failures": [],
          "pending": [],
          "skipped": [],
          "duration": 1460,
          "root": false,
          "rootEmpty": false,
          "_timeout": 10000
        },
        {
          "uuid": "779cda2b-13c4-41b1-8c2b-97e38917b587",
          "title": "Retrieve all data products",
          "fullFile": "D:\\Osi\\Automation-SauceDemo\\tests\\product\\list_all_product.test.js",
          "file": "\\tests\\product\\list_all_product.test.js",
          "beforeHooks": [
            {
              "title": "\"before each\" hook in \"Retrieve all data products\"",
              "fullTitle": "Retrieve all data products \"before each\" hook in \"Retrieve all data products\"",
              "timedOut": false,
              "duration": 1145,
              "state": null,
              "speed": null,
              "pass": false,
              "fail": false,
              "pending": false,
              "context": null,
              "code": "try {\n    driver = await createDriver();\n} catch (err) {\n    console.error('❌ Gagal createDriver di before hook:', err);\n    throw err;\n}",
              "err": {},
              "uuid": "c05b245c-81e9-45e7-83eb-712b3b868cd6",
              "parentUUID": "779cda2b-13c4-41b1-8c2b-97e38917b587",
              "isHook": true,
              "skipped": false
            }
          ],
          "afterHooks": [
            {
              "title": "\"after each\" hook in \"Retrieve all data products\"",
              "fullTitle": "Retrieve all data products \"after each\" hook in \"Retrieve all data products\"",
              "timedOut": false,
              "duration": 78,
              "state": null,
              "speed": null,
              "pass": false,
              "fail": false,
              "pending": false,
              "context": null,
              "code": "if (driver) {\n    try {\n        await driver.quit();\n    } catch (err) {\n        console.error('❌ Gagal quit di after hook:', err);\n        throw err;\n    }\n}",
              "err": {},
              "uuid": "2c94f44f-c1f9-434f-a6d7-ca5dff6cef61",
              "parentUUID": "779cda2b-13c4-41b1-8c2b-97e38917b587",
              "isHook": true,
              "skipped": false
            }
          ],
          "tests": [
            {
              "title": "Retrieve all data products",
              "fullTitle": "Retrieve all data products Retrieve all data products",
              "timedOut": false,
              "duration": 1642,
              "state": "passed",
              "speed": "slow",
              "pass": true,
              "fail": false,
              "pending": false,
              "context": null,
              "code": "try {\n    if(!driver) {\n        throw new Error('Driver tidak tersedia untuk pengujian!')\n    }\n    // Jalankan fungsi test yang diberikan dengan driver\n    await testFn(driver);\n} catch (error) {\n    console.error('Test failed with error:', error);\n    throw error;\n}",
              "err": {},
              "uuid": "d949944f-e5db-449a-8a3c-58fd4b129088",
              "parentUUID": "779cda2b-13c4-41b1-8c2b-97e38917b587",
              "isHook": false,
              "skipped": false
            }
          ],
          "suites": [],
          "passes": [
            "d949944f-e5db-449a-8a3c-58fd4b129088"
          ],
          "failures": [],
          "pending": [],
          "skipped": [],
          "duration": 1642,
          "root": false,
          "rootEmpty": false,
          "_timeout": 10000
        },
        {
          "uuid": "c8177afd-3931-47a5-a676-c1584df04612",
          "title": "Sorting all data products from Price low to high",
          "fullFile": "D:\\Osi\\Automation-SauceDemo\\tests\\product\\sorting product.test.js",
          "file": "\\tests\\product\\sorting product.test.js",
          "beforeHooks": [
            {
              "title": "\"before each\" hook in \"Sorting all data products from Price low to high\"",
              "fullTitle": "Sorting all data products from Price low to high \"before each\" hook in \"Sorting all data products from Price low to high\"",
              "timedOut": false,
              "duration": 1089,
              "state": null,
              "speed": null,
              "pass": false,
              "fail": false,
              "pending": false,
              "context": null,
              "code": "try {\n    driver = await createDriver();\n} catch (err) {\n    console.error('❌ Gagal createDriver di before hook:', err);\n    throw err;\n}",
              "err": {},
              "uuid": "ece5f870-119e-481d-89cc-70913c85ebbf",
              "parentUUID": "c8177afd-3931-47a5-a676-c1584df04612",
              "isHook": true,
              "skipped": false
            }
          ],
          "afterHooks": [
            {
              "title": "\"after each\" hook in \"Sorting all data products from Price low to high\"",
              "fullTitle": "Sorting all data products from Price low to high \"after each\" hook in \"Sorting all data products from Price low to high\"",
              "timedOut": false,
              "duration": 82,
              "state": null,
              "speed": null,
              "pass": false,
              "fail": false,
              "pending": false,
              "context": null,
              "code": "if (driver) {\n    try {\n        await driver.quit();\n    } catch (err) {\n        console.error('❌ Gagal quit di after hook:', err);\n        throw err;\n    }\n}",
              "err": {},
              "uuid": "a432d46c-91e1-499a-8cdc-b9ac76e6433e",
              "parentUUID": "c8177afd-3931-47a5-a676-c1584df04612",
              "isHook": true,
              "skipped": false
            }
          ],
          "tests": [
            {
              "title": "Sorting all data products from Price low to high",
              "fullTitle": "Sorting all data products from Price low to high Sorting all data products from Price low to high",
              "timedOut": false,
              "duration": 2152,
              "state": "passed",
              "speed": "slow",
              "pass": true,
              "fail": false,
              "pending": false,
              "context": null,
              "code": "try {\n    if(!driver) {\n        throw new Error('Driver tidak tersedia untuk pengujian!')\n    }\n    // Jalankan fungsi test yang diberikan dengan driver\n    await testFn(driver);\n} catch (error) {\n    console.error('Test failed with error:', error);\n    throw error;\n}",
              "err": {},
              "uuid": "99b4fff0-406e-4cca-a424-c63ed8e64720",
              "parentUUID": "c8177afd-3931-47a5-a676-c1584df04612",
              "isHook": false,
              "skipped": false
            }
          ],
          "suites": [],
          "passes": [
            "99b4fff0-406e-4cca-a424-c63ed8e64720"
          ],
          "failures": [],
          "pending": [],
          "skipped": [],
          "duration": 2152,
          "root": false,
          "rootEmpty": false,
          "_timeout": 10000
        }
      ],
      "passes": [],
      "failures": [],
      "pending": [],
      "skipped": [],
      "duration": 0,
      "root": true,
      "rootEmpty": true,
      "_timeout": 10000
    }
  ],
  "meta": {
    "mocha": {
      "version": "11.1.0"
    },
    "mochawesome": {
      "options": {
        "quiet": false,
        "reportFilename": "mochawesome",
        "saveHtml": true,
        "saveJson": true,
        "consoleReporter": "spec",
        "useInlineDiffs": false,
        "code": true
      },
      "version": "7.1.3"
    },
    "marge": {
      "options": null,
      "version": "6.2.0"
    }
  }
}